ARM GAS  /tmp/ccI2Uu6z.s 			page 1


   1              		.cpu cortex-m7
   2              		.eabi_attribute 28, 1
   3              		.eabi_attribute 20, 1
   4              		.eabi_attribute 21, 1
   5              		.eabi_attribute 23, 3
   6              		.eabi_attribute 24, 1
   7              		.eabi_attribute 25, 1
   8              		.eabi_attribute 26, 1
   9              		.eabi_attribute 30, 6
  10              		.eabi_attribute 34, 1
  11              		.eabi_attribute 18, 4
  12              		.file	"stm32h7xx_hal_tim.c"
  13              		.text
  14              	.Ltext0:
  15              		.cfi_sections	.debug_frame
  16              	.Letext0:
  17              		.file 1 "/mnt/d/GNU Tools ARM Embedded/gcc-arm-none-eabi-8-2019-q3-update/arm-none-eabi/include/ma
  18              		.file 2 "/mnt/d/GNU Tools ARM Embedded/gcc-arm-none-eabi-8-2019-q3-update/arm-none-eabi/include/sy
  19              		.file 3 "./Drivers/CMSIS/Include/core_cm7.h"
  20              		.file 4 "./Drivers/CMSIS/Device/ST/STM32H7xx/Include/system_stm32h7xx.h"
  21              		.file 5 "/mnt/d/GNU Tools ARM Embedded/gcc-arm-none-eabi-8-2019-q3-update/lib/gcc/arm-none-eabi/8.
  22              		.file 6 "/mnt/d/GNU Tools ARM Embedded/gcc-arm-none-eabi-8-2019-q3-update/arm-none-eabi/include/sy
  23              		.file 7 "/mnt/d/GNU Tools ARM Embedded/gcc-arm-none-eabi-8-2019-q3-update/arm-none-eabi/include/sy
  24              		.file 8 "/mnt/d/GNU Tools ARM Embedded/gcc-arm-none-eabi-8-2019-q3-update/arm-none-eabi/include/sy
  25              		.file 9 "/mnt/d/GNU Tools ARM Embedded/gcc-arm-none-eabi-8-2019-q3-update/arm-none-eabi/include/ma
  26              		.file 10 "./Drivers/STM32H7xx_HAL_Driver/Inc/stm32h7xx_hal_def.h"
  27              		.file 11 "./Drivers/STM32H7xx_HAL_Driver/Inc/stm32h7xx_hal_flash.h"
ARM GAS  /tmp/ccI2Uu6z.s 			page 2


DEFINED SYMBOLS
                            *ABS*:0000000000000000 stm32h7xx_hal_tim.c

NO UNDEFINED SYMBOLS
