ARM GAS  /tmp/cc8BVXgb.s 			page 1


   1              		.cpu cortex-m7
   2              		.eabi_attribute 28, 1
   3              		.eabi_attribute 20, 1
   4              		.eabi_attribute 21, 1
   5              		.eabi_attribute 23, 3
   6              		.eabi_attribute 24, 1
   7              		.eabi_attribute 25, 1
   8              		.eabi_attribute 26, 1
   9              		.eabi_attribute 30, 6
  10              		.eabi_attribute 34, 1
  11              		.eabi_attribute 18, 4
  12              		.file	"stm32h7xx_it.c"
  13              		.text
  14              	.Ltext0:
  15              		.cfi_sections	.debug_frame
  16              		.section	.text.NMI_Handler,"ax",%progbits
  17              		.align	1
  18              		.global	NMI_Handler
  19              		.arch armv7e-m
  20              		.syntax unified
  21              		.thumb
  22              		.thumb_func
  23              		.fpu fpv5-d16
  25              	NMI_Handler:
  26              	.LFB134:
  27              		.file 1 "./Src/stm32h7xx_it.c"
   1:./Src/stm32h7xx_it.c **** /* USER CODE BEGIN Header */
   2:./Src/stm32h7xx_it.c **** /**
   3:./Src/stm32h7xx_it.c ****  ******************************************************************************
   4:./Src/stm32h7xx_it.c ****  * @file    stm32h7xx_it.c
   5:./Src/stm32h7xx_it.c ****  * @brief   Interrupt Service Routines.
   6:./Src/stm32h7xx_it.c ****  ******************************************************************************
   7:./Src/stm32h7xx_it.c ****  * @attention
   8:./Src/stm32h7xx_it.c ****  *
   9:./Src/stm32h7xx_it.c ****  * <h2><center>&copy; Copyright (c) 2019 STMicroelectronics.
  10:./Src/stm32h7xx_it.c ****  * All rights reserved.</center></h2>
  11:./Src/stm32h7xx_it.c ****  *
  12:./Src/stm32h7xx_it.c ****  * This software component is licensed by ST under BSD 3-Clause license,
  13:./Src/stm32h7xx_it.c ****  * the "License"; You may not use this file except in compliance with the
  14:./Src/stm32h7xx_it.c ****  * License. You may obtain a copy of the License at:
  15:./Src/stm32h7xx_it.c ****  *                        opensource.org/licenses/BSD-3-Clause
  16:./Src/stm32h7xx_it.c ****  *
  17:./Src/stm32h7xx_it.c ****  ******************************************************************************
  18:./Src/stm32h7xx_it.c ****  */
  19:./Src/stm32h7xx_it.c **** /* USER CODE END Header */
  20:./Src/stm32h7xx_it.c **** 
  21:./Src/stm32h7xx_it.c **** /* Includes ------------------------------------------------------------------*/
  22:./Src/stm32h7xx_it.c **** #include "stm32h7xx_it.h"
  23:./Src/stm32h7xx_it.c **** #include "main.h"
  24:./Src/stm32h7xx_it.c **** 
  25:./Src/stm32h7xx_it.c **** /* Private includes ----------------------------------------------------------*/
  26:./Src/stm32h7xx_it.c **** /* USER CODE BEGIN Includes */
  27:./Src/stm32h7xx_it.c **** /* USER CODE END Includes */
  28:./Src/stm32h7xx_it.c **** 
  29:./Src/stm32h7xx_it.c **** /* Private typedef -----------------------------------------------------------*/
  30:./Src/stm32h7xx_it.c **** /* USER CODE BEGIN TD */
  31:./Src/stm32h7xx_it.c **** 
ARM GAS  /tmp/cc8BVXgb.s 			page 2


  32:./Src/stm32h7xx_it.c **** /* USER CODE END TD */
  33:./Src/stm32h7xx_it.c **** 
  34:./Src/stm32h7xx_it.c **** /* Private define ------------------------------------------------------------*/
  35:./Src/stm32h7xx_it.c **** /* USER CODE BEGIN PD */
  36:./Src/stm32h7xx_it.c **** 
  37:./Src/stm32h7xx_it.c **** /* USER CODE END PD */
  38:./Src/stm32h7xx_it.c **** 
  39:./Src/stm32h7xx_it.c **** /* Private macro -------------------------------------------------------------*/
  40:./Src/stm32h7xx_it.c **** /* USER CODE BEGIN PM */
  41:./Src/stm32h7xx_it.c **** 
  42:./Src/stm32h7xx_it.c **** /* USER CODE END PM */
  43:./Src/stm32h7xx_it.c **** 
  44:./Src/stm32h7xx_it.c **** /* Private variables ---------------------------------------------------------*/
  45:./Src/stm32h7xx_it.c **** /* USER CODE BEGIN PV */
  46:./Src/stm32h7xx_it.c **** 
  47:./Src/stm32h7xx_it.c **** /* USER CODE END PV */
  48:./Src/stm32h7xx_it.c **** 
  49:./Src/stm32h7xx_it.c **** /* Private function prototypes -----------------------------------------------*/
  50:./Src/stm32h7xx_it.c **** /* USER CODE BEGIN PFP */
  51:./Src/stm32h7xx_it.c **** 
  52:./Src/stm32h7xx_it.c **** /* USER CODE END PFP */
  53:./Src/stm32h7xx_it.c **** 
  54:./Src/stm32h7xx_it.c **** /* Private user code ---------------------------------------------------------*/
  55:./Src/stm32h7xx_it.c **** /* USER CODE BEGIN 0 */
  56:./Src/stm32h7xx_it.c **** 
  57:./Src/stm32h7xx_it.c **** /* USER CODE END 0 */
  58:./Src/stm32h7xx_it.c **** 
  59:./Src/stm32h7xx_it.c **** /* External variables --------------------------------------------------------*/
  60:./Src/stm32h7xx_it.c **** 
  61:./Src/stm32h7xx_it.c **** /* USER CODE BEGIN EV */
  62:./Src/stm32h7xx_it.c **** 
  63:./Src/stm32h7xx_it.c **** /* USER CODE END EV */
  64:./Src/stm32h7xx_it.c **** 
  65:./Src/stm32h7xx_it.c **** /******************************************************************************/
  66:./Src/stm32h7xx_it.c **** /*           Cortex Processor Interruption and Exception Handlers          */
  67:./Src/stm32h7xx_it.c **** /******************************************************************************/
  68:./Src/stm32h7xx_it.c **** /**
  69:./Src/stm32h7xx_it.c ****  * @brief This function handles Non maskable interrupt.
  70:./Src/stm32h7xx_it.c ****  */
  71:./Src/stm32h7xx_it.c **** void NMI_Handler(void) {
  28              		.loc 1 71 24
  29              		.cfi_startproc
  30              		@ args = 0, pretend = 0, frame = 0
  31              		@ frame_needed = 1, uses_anonymous_args = 0
  32              		@ link register save eliminated.
  33 0000 80B4     		push	{r7}
  34              		.cfi_def_cfa_offset 4
  35              		.cfi_offset 7, -4
  36 0002 00AF     		add	r7, sp, #0
  37              		.cfi_def_cfa_register 7
  72:./Src/stm32h7xx_it.c ****   /* USER CODE BEGIN NonMaskableInt_IRQn 0 */
  73:./Src/stm32h7xx_it.c **** 
  74:./Src/stm32h7xx_it.c ****   /* USER CODE END NonMaskableInt_IRQn 0 */
  75:./Src/stm32h7xx_it.c ****   /* USER CODE BEGIN NonMaskableInt_IRQn 1 */
  76:./Src/stm32h7xx_it.c **** 
  77:./Src/stm32h7xx_it.c ****   /* USER CODE END NonMaskableInt_IRQn 1 */
  78:./Src/stm32h7xx_it.c **** }
ARM GAS  /tmp/cc8BVXgb.s 			page 3


  38              		.loc 1 78 1
  39 0004 00BF     		nop
  40 0006 BD46     		mov	sp, r7
  41              		.cfi_def_cfa_register 13
  42              		@ sp needed
  43 0008 5DF8047B 		ldr	r7, [sp], #4
  44              		.cfi_restore 7
  45              		.cfi_def_cfa_offset 0
  46 000c 7047     		bx	lr
  47              		.cfi_endproc
  48              	.LFE134:
  50              		.section	.text.HardFault_Handler,"ax",%progbits
  51              		.align	1
  52              		.global	HardFault_Handler
  53              		.syntax unified
  54              		.thumb
  55              		.thumb_func
  56              		.fpu fpv5-d16
  58              	HardFault_Handler:
  59              	.LFB135:
  79:./Src/stm32h7xx_it.c **** 
  80:./Src/stm32h7xx_it.c **** /**
  81:./Src/stm32h7xx_it.c ****  * @brief This function handles Hard fault interrupt.
  82:./Src/stm32h7xx_it.c ****  */
  83:./Src/stm32h7xx_it.c **** void HardFault_Handler(void) {
  60              		.loc 1 83 30
  61              		.cfi_startproc
  62              		@ args = 0, pretend = 0, frame = 0
  63              		@ frame_needed = 1, uses_anonymous_args = 0
  64              		@ link register save eliminated.
  65 0000 80B4     		push	{r7}
  66              		.cfi_def_cfa_offset 4
  67              		.cfi_offset 7, -4
  68 0002 00AF     		add	r7, sp, #0
  69              		.cfi_def_cfa_register 7
  70              	.L3:
  84:./Src/stm32h7xx_it.c ****   /* USER CODE BEGIN HardFault_IRQn 0 */
  85:./Src/stm32h7xx_it.c **** 
  86:./Src/stm32h7xx_it.c ****   /* USER CODE END HardFault_IRQn 0 */
  87:./Src/stm32h7xx_it.c ****   while (1) {
  71              		.loc 1 87 9 discriminator 1
  72 0004 FEE7     		b	.L3
  73              		.cfi_endproc
  74              	.LFE135:
  76              		.section	.text.MemManage_Handler,"ax",%progbits
  77              		.align	1
  78              		.global	MemManage_Handler
  79              		.syntax unified
  80              		.thumb
  81              		.thumb_func
  82              		.fpu fpv5-d16
  84              	MemManage_Handler:
  85              	.LFB136:
  88:./Src/stm32h7xx_it.c ****     /* USER CODE BEGIN W1_HardFault_IRQn 0 */
  89:./Src/stm32h7xx_it.c ****     /* USER CODE END W1_HardFault_IRQn 0 */
  90:./Src/stm32h7xx_it.c ****   }
  91:./Src/stm32h7xx_it.c **** }
ARM GAS  /tmp/cc8BVXgb.s 			page 4


  92:./Src/stm32h7xx_it.c **** 
  93:./Src/stm32h7xx_it.c **** /**
  94:./Src/stm32h7xx_it.c ****  * @brief This function handles Memory management fault.
  95:./Src/stm32h7xx_it.c ****  */
  96:./Src/stm32h7xx_it.c **** void MemManage_Handler(void) {
  86              		.loc 1 96 30
  87              		.cfi_startproc
  88              		@ args = 0, pretend = 0, frame = 0
  89              		@ frame_needed = 1, uses_anonymous_args = 0
  90              		@ link register save eliminated.
  91 0000 80B4     		push	{r7}
  92              		.cfi_def_cfa_offset 4
  93              		.cfi_offset 7, -4
  94 0002 00AF     		add	r7, sp, #0
  95              		.cfi_def_cfa_register 7
  96              	.L5:
  97:./Src/stm32h7xx_it.c ****   /* USER CODE BEGIN MemoryManagement_IRQn 0 */
  98:./Src/stm32h7xx_it.c **** 
  99:./Src/stm32h7xx_it.c ****   /* USER CODE END MemoryManagement_IRQn 0 */
 100:./Src/stm32h7xx_it.c ****   while (1) {
  97              		.loc 1 100 9 discriminator 1
  98 0004 FEE7     		b	.L5
  99              		.cfi_endproc
 100              	.LFE136:
 102              		.section	.text.BusFault_Handler,"ax",%progbits
 103              		.align	1
 104              		.global	BusFault_Handler
 105              		.syntax unified
 106              		.thumb
 107              		.thumb_func
 108              		.fpu fpv5-d16
 110              	BusFault_Handler:
 111              	.LFB137:
 101:./Src/stm32h7xx_it.c ****     /* USER CODE BEGIN W1_MemoryManagement_IRQn 0 */
 102:./Src/stm32h7xx_it.c ****     /* USER CODE END W1_MemoryManagement_IRQn 0 */
 103:./Src/stm32h7xx_it.c ****   }
 104:./Src/stm32h7xx_it.c **** }
 105:./Src/stm32h7xx_it.c **** 
 106:./Src/stm32h7xx_it.c **** /**
 107:./Src/stm32h7xx_it.c ****  * @brief This function handles Pre-fetch fault, memory access fault.
 108:./Src/stm32h7xx_it.c ****  */
 109:./Src/stm32h7xx_it.c **** void BusFault_Handler(void) {
 112              		.loc 1 109 29
 113              		.cfi_startproc
 114              		@ args = 0, pretend = 0, frame = 0
 115              		@ frame_needed = 1, uses_anonymous_args = 0
 116              		@ link register save eliminated.
 117 0000 80B4     		push	{r7}
 118              		.cfi_def_cfa_offset 4
 119              		.cfi_offset 7, -4
 120 0002 00AF     		add	r7, sp, #0
 121              		.cfi_def_cfa_register 7
 122              	.L7:
 110:./Src/stm32h7xx_it.c ****   /* USER CODE BEGIN BusFault_IRQn 0 */
 111:./Src/stm32h7xx_it.c **** 
 112:./Src/stm32h7xx_it.c ****   /* USER CODE END BusFault_IRQn 0 */
 113:./Src/stm32h7xx_it.c ****   while (1) {
ARM GAS  /tmp/cc8BVXgb.s 			page 5


 123              		.loc 1 113 9 discriminator 1
 124 0004 FEE7     		b	.L7
 125              		.cfi_endproc
 126              	.LFE137:
 128              		.section	.text.UsageFault_Handler,"ax",%progbits
 129              		.align	1
 130              		.global	UsageFault_Handler
 131              		.syntax unified
 132              		.thumb
 133              		.thumb_func
 134              		.fpu fpv5-d16
 136              	UsageFault_Handler:
 137              	.LFB138:
 114:./Src/stm32h7xx_it.c ****     /* USER CODE BEGIN W1_BusFault_IRQn 0 */
 115:./Src/stm32h7xx_it.c ****     /* USER CODE END W1_BusFault_IRQn 0 */
 116:./Src/stm32h7xx_it.c ****   }
 117:./Src/stm32h7xx_it.c **** }
 118:./Src/stm32h7xx_it.c **** 
 119:./Src/stm32h7xx_it.c **** /**
 120:./Src/stm32h7xx_it.c ****  * @brief This function handles Undefined instruction or illegal state.
 121:./Src/stm32h7xx_it.c ****  */
 122:./Src/stm32h7xx_it.c **** void UsageFault_Handler(void) {
 138              		.loc 1 122 31
 139              		.cfi_startproc
 140              		@ args = 0, pretend = 0, frame = 0
 141              		@ frame_needed = 1, uses_anonymous_args = 0
 142              		@ link register save eliminated.
 143 0000 80B4     		push	{r7}
 144              		.cfi_def_cfa_offset 4
 145              		.cfi_offset 7, -4
 146 0002 00AF     		add	r7, sp, #0
 147              		.cfi_def_cfa_register 7
 148              	.L9:
 123:./Src/stm32h7xx_it.c ****   /* USER CODE BEGIN UsageFault_IRQn 0 */
 124:./Src/stm32h7xx_it.c **** 
 125:./Src/stm32h7xx_it.c ****   /* USER CODE END UsageFault_IRQn 0 */
 126:./Src/stm32h7xx_it.c ****   while (1) {
 149              		.loc 1 126 9 discriminator 1
 150 0004 FEE7     		b	.L9
 151              		.cfi_endproc
 152              	.LFE138:
 154              		.section	.text.SVC_Handler,"ax",%progbits
 155              		.align	1
 156              		.global	SVC_Handler
 157              		.syntax unified
 158              		.thumb
 159              		.thumb_func
 160              		.fpu fpv5-d16
 162              	SVC_Handler:
 163              	.LFB139:
 127:./Src/stm32h7xx_it.c ****     /* USER CODE BEGIN W1_UsageFault_IRQn 0 */
 128:./Src/stm32h7xx_it.c ****     /* USER CODE END W1_UsageFault_IRQn 0 */
 129:./Src/stm32h7xx_it.c ****   }
 130:./Src/stm32h7xx_it.c **** }
 131:./Src/stm32h7xx_it.c **** 
 132:./Src/stm32h7xx_it.c **** /**
 133:./Src/stm32h7xx_it.c ****  * @brief This function handles System service call via SWI instruction.
ARM GAS  /tmp/cc8BVXgb.s 			page 6


 134:./Src/stm32h7xx_it.c ****  */
 135:./Src/stm32h7xx_it.c **** void SVC_Handler(void) {
 164              		.loc 1 135 24
 165              		.cfi_startproc
 166              		@ args = 0, pretend = 0, frame = 0
 167              		@ frame_needed = 1, uses_anonymous_args = 0
 168              		@ link register save eliminated.
 169 0000 80B4     		push	{r7}
 170              		.cfi_def_cfa_offset 4
 171              		.cfi_offset 7, -4
 172 0002 00AF     		add	r7, sp, #0
 173              		.cfi_def_cfa_register 7
 136:./Src/stm32h7xx_it.c ****   /* USER CODE BEGIN SVCall_IRQn 0 */
 137:./Src/stm32h7xx_it.c **** 
 138:./Src/stm32h7xx_it.c ****   /* USER CODE END SVCall_IRQn 0 */
 139:./Src/stm32h7xx_it.c ****   /* USER CODE BEGIN SVCall_IRQn 1 */
 140:./Src/stm32h7xx_it.c **** 
 141:./Src/stm32h7xx_it.c ****   /* USER CODE END SVCall_IRQn 1 */
 142:./Src/stm32h7xx_it.c **** }
 174              		.loc 1 142 1
 175 0004 00BF     		nop
 176 0006 BD46     		mov	sp, r7
 177              		.cfi_def_cfa_register 13
 178              		@ sp needed
 179 0008 5DF8047B 		ldr	r7, [sp], #4
 180              		.cfi_restore 7
 181              		.cfi_def_cfa_offset 0
 182 000c 7047     		bx	lr
 183              		.cfi_endproc
 184              	.LFE139:
 186              		.section	.text.DebugMon_Handler,"ax",%progbits
 187              		.align	1
 188              		.global	DebugMon_Handler
 189              		.syntax unified
 190              		.thumb
 191              		.thumb_func
 192              		.fpu fpv5-d16
 194              	DebugMon_Handler:
 195              	.LFB140:
 143:./Src/stm32h7xx_it.c **** 
 144:./Src/stm32h7xx_it.c **** /**
 145:./Src/stm32h7xx_it.c ****  * @brief This function handles Debug monitor.
 146:./Src/stm32h7xx_it.c ****  */
 147:./Src/stm32h7xx_it.c **** void DebugMon_Handler(void) {
 196              		.loc 1 147 29
 197              		.cfi_startproc
 198              		@ args = 0, pretend = 0, frame = 0
 199              		@ frame_needed = 1, uses_anonymous_args = 0
 200              		@ link register save eliminated.
 201 0000 80B4     		push	{r7}
 202              		.cfi_def_cfa_offset 4
 203              		.cfi_offset 7, -4
 204 0002 00AF     		add	r7, sp, #0
 205              		.cfi_def_cfa_register 7
 148:./Src/stm32h7xx_it.c ****   /* USER CODE BEGIN DebugMonitor_IRQn 0 */
 149:./Src/stm32h7xx_it.c **** 
 150:./Src/stm32h7xx_it.c ****   /* USER CODE END DebugMonitor_IRQn 0 */
ARM GAS  /tmp/cc8BVXgb.s 			page 7


 151:./Src/stm32h7xx_it.c ****   /* USER CODE BEGIN DebugMonitor_IRQn 1 */
 152:./Src/stm32h7xx_it.c **** 
 153:./Src/stm32h7xx_it.c ****   /* USER CODE END DebugMonitor_IRQn 1 */
 154:./Src/stm32h7xx_it.c **** }
 206              		.loc 1 154 1
 207 0004 00BF     		nop
 208 0006 BD46     		mov	sp, r7
 209              		.cfi_def_cfa_register 13
 210              		@ sp needed
 211 0008 5DF8047B 		ldr	r7, [sp], #4
 212              		.cfi_restore 7
 213              		.cfi_def_cfa_offset 0
 214 000c 7047     		bx	lr
 215              		.cfi_endproc
 216              	.LFE140:
 218              		.section	.text.PendSV_Handler,"ax",%progbits
 219              		.align	1
 220              		.global	PendSV_Handler
 221              		.syntax unified
 222              		.thumb
 223              		.thumb_func
 224              		.fpu fpv5-d16
 226              	PendSV_Handler:
 227              	.LFB141:
 155:./Src/stm32h7xx_it.c **** 
 156:./Src/stm32h7xx_it.c **** /**
 157:./Src/stm32h7xx_it.c ****  * @brief This function handles Pendable request for system service.
 158:./Src/stm32h7xx_it.c ****  */
 159:./Src/stm32h7xx_it.c **** void PendSV_Handler(void) {
 228              		.loc 1 159 27
 229              		.cfi_startproc
 230              		@ args = 0, pretend = 0, frame = 0
 231              		@ frame_needed = 1, uses_anonymous_args = 0
 232              		@ link register save eliminated.
 233 0000 80B4     		push	{r7}
 234              		.cfi_def_cfa_offset 4
 235              		.cfi_offset 7, -4
 236 0002 00AF     		add	r7, sp, #0
 237              		.cfi_def_cfa_register 7
 160:./Src/stm32h7xx_it.c ****   /* USER CODE BEGIN PendSV_IRQn 0 */
 161:./Src/stm32h7xx_it.c **** 
 162:./Src/stm32h7xx_it.c ****   /* USER CODE END PendSV_IRQn 0 */
 163:./Src/stm32h7xx_it.c ****   /* USER CODE BEGIN PendSV_IRQn 1 */
 164:./Src/stm32h7xx_it.c **** 
 165:./Src/stm32h7xx_it.c ****   /* USER CODE END PendSV_IRQn 1 */
 166:./Src/stm32h7xx_it.c **** }
 238              		.loc 1 166 1
 239 0004 00BF     		nop
 240 0006 BD46     		mov	sp, r7
 241              		.cfi_def_cfa_register 13
 242              		@ sp needed
 243 0008 5DF8047B 		ldr	r7, [sp], #4
 244              		.cfi_restore 7
 245              		.cfi_def_cfa_offset 0
 246 000c 7047     		bx	lr
 247              		.cfi_endproc
 248              	.LFE141:
ARM GAS  /tmp/cc8BVXgb.s 			page 8


 250              		.section	.text.SysTick_Handler,"ax",%progbits
 251              		.align	1
 252              		.global	SysTick_Handler
 253              		.syntax unified
 254              		.thumb
 255              		.thumb_func
 256              		.fpu fpv5-d16
 258              	SysTick_Handler:
 259              	.LFB142:
 167:./Src/stm32h7xx_it.c **** 
 168:./Src/stm32h7xx_it.c **** /**
 169:./Src/stm32h7xx_it.c ****  * @brief This function handles System tick timer.
 170:./Src/stm32h7xx_it.c ****  */
 171:./Src/stm32h7xx_it.c **** void SysTick_Handler(void) {
 260              		.loc 1 171 28
 261              		.cfi_startproc
 262              		@ args = 0, pretend = 0, frame = 0
 263              		@ frame_needed = 1, uses_anonymous_args = 0
 264 0000 80B5     		push	{r7, lr}
 265              		.cfi_def_cfa_offset 8
 266              		.cfi_offset 7, -8
 267              		.cfi_offset 14, -4
 268 0002 00AF     		add	r7, sp, #0
 269              		.cfi_def_cfa_register 7
 172:./Src/stm32h7xx_it.c ****   /* USER CODE BEGIN SysTick_IRQn 0 */
 173:./Src/stm32h7xx_it.c **** 
 174:./Src/stm32h7xx_it.c ****   /* USER CODE END SysTick_IRQn 0 */
 175:./Src/stm32h7xx_it.c ****   HAL_IncTick();
 270              		.loc 1 175 3
 271 0004 FFF7FEFF 		bl	HAL_IncTick
 176:./Src/stm32h7xx_it.c ****   /* USER CODE BEGIN SysTick_IRQn 1 */
 177:./Src/stm32h7xx_it.c **** 
 178:./Src/stm32h7xx_it.c ****   /* USER CODE END SysTick_IRQn 1 */
 179:./Src/stm32h7xx_it.c **** }
 272              		.loc 1 179 1
 273 0008 00BF     		nop
 274 000a 80BD     		pop	{r7, pc}
 275              		.cfi_endproc
 276              	.LFE142:
 278              		.text
 279              	.Letext0:
 280              		.file 2 "/mnt/d/GNU Tools ARM Embedded/gcc-arm-none-eabi-8-2019-q3-update/arm-none-eabi/include/ma
 281              		.file 3 "/mnt/d/GNU Tools ARM Embedded/gcc-arm-none-eabi-8-2019-q3-update/arm-none-eabi/include/sy
 282              		.file 4 "./Drivers/CMSIS/Include/core_cm7.h"
 283              		.file 5 "./Drivers/CMSIS/Device/ST/STM32H7xx/Include/system_stm32h7xx.h"
 284              		.file 6 "/mnt/d/GNU Tools ARM Embedded/gcc-arm-none-eabi-8-2019-q3-update/lib/gcc/arm-none-eabi/8.
 285              		.file 7 "/mnt/d/GNU Tools ARM Embedded/gcc-arm-none-eabi-8-2019-q3-update/arm-none-eabi/include/sy
 286              		.file 8 "/mnt/d/GNU Tools ARM Embedded/gcc-arm-none-eabi-8-2019-q3-update/arm-none-eabi/include/sy
 287              		.file 9 "/mnt/d/GNU Tools ARM Embedded/gcc-arm-none-eabi-8-2019-q3-update/arm-none-eabi/include/sy
 288              		.file 10 "/mnt/d/GNU Tools ARM Embedded/gcc-arm-none-eabi-8-2019-q3-update/arm-none-eabi/include/m
 289              		.file 11 "./Drivers/STM32H7xx_HAL_Driver/Inc/stm32h7xx_hal_def.h"
 290              		.file 12 "./Drivers/STM32H7xx_HAL_Driver/Inc/stm32h7xx_hal_flash.h"
ARM GAS  /tmp/cc8BVXgb.s 			page 9


DEFINED SYMBOLS
                            *ABS*:0000000000000000 stm32h7xx_it.c
     /tmp/cc8BVXgb.s:17     .text.NMI_Handler:0000000000000000 $t
     /tmp/cc8BVXgb.s:25     .text.NMI_Handler:0000000000000000 NMI_Handler
     /tmp/cc8BVXgb.s:51     .text.HardFault_Handler:0000000000000000 $t
     /tmp/cc8BVXgb.s:58     .text.HardFault_Handler:0000000000000000 HardFault_Handler
     /tmp/cc8BVXgb.s:77     .text.MemManage_Handler:0000000000000000 $t
     /tmp/cc8BVXgb.s:84     .text.MemManage_Handler:0000000000000000 MemManage_Handler
     /tmp/cc8BVXgb.s:103    .text.BusFault_Handler:0000000000000000 $t
     /tmp/cc8BVXgb.s:110    .text.BusFault_Handler:0000000000000000 BusFault_Handler
     /tmp/cc8BVXgb.s:129    .text.UsageFault_Handler:0000000000000000 $t
     /tmp/cc8BVXgb.s:136    .text.UsageFault_Handler:0000000000000000 UsageFault_Handler
     /tmp/cc8BVXgb.s:155    .text.SVC_Handler:0000000000000000 $t
     /tmp/cc8BVXgb.s:162    .text.SVC_Handler:0000000000000000 SVC_Handler
     /tmp/cc8BVXgb.s:187    .text.DebugMon_Handler:0000000000000000 $t
     /tmp/cc8BVXgb.s:194    .text.DebugMon_Handler:0000000000000000 DebugMon_Handler
     /tmp/cc8BVXgb.s:219    .text.PendSV_Handler:0000000000000000 $t
     /tmp/cc8BVXgb.s:226    .text.PendSV_Handler:0000000000000000 PendSV_Handler
     /tmp/cc8BVXgb.s:251    .text.SysTick_Handler:0000000000000000 $t
     /tmp/cc8BVXgb.s:258    .text.SysTick_Handler:0000000000000000 SysTick_Handler

UNDEFINED SYMBOLS
HAL_IncTick
