ARM GAS  /tmp/ccLvL4wh.s 			page 1


   1              		.cpu cortex-m7
   2              		.eabi_attribute 28, 1
   3              		.eabi_attribute 20, 1
   4              		.eabi_attribute 21, 1
   5              		.eabi_attribute 23, 3
   6              		.eabi_attribute 24, 1
   7              		.eabi_attribute 25, 1
   8              		.eabi_attribute 26, 1
   9              		.eabi_attribute 30, 6
  10              		.eabi_attribute 34, 1
  11              		.eabi_attribute 18, 4
  12              		.file	"stm32h7xx_hal_i2c_ex.c"
  13              		.text
  14              	.Ltext0:
  15              		.cfi_sections	.debug_frame
  16              		.section	.text.HAL_I2CEx_ConfigAnalogFilter,"ax",%progbits
  17              		.align	1
  18              		.global	HAL_I2CEx_ConfigAnalogFilter
  19              		.arch armv7e-m
  20              		.syntax unified
  21              		.thumb
  22              		.thumb_func
  23              		.fpu fpv5-d16
  25              	HAL_I2CEx_ConfigAnalogFilter:
  26              	.LFB134:
  27              		.file 1 "./Drivers/STM32H7xx_HAL_Driver/Src/stm32h7xx_hal_i2c_ex.c"
   1:./Drivers/STM32H7xx_HAL_Driver/Src/stm32h7xx_hal_i2c_ex.c **** /**
   2:./Drivers/STM32H7xx_HAL_Driver/Src/stm32h7xx_hal_i2c_ex.c ****   ******************************************************************************
   3:./Drivers/STM32H7xx_HAL_Driver/Src/stm32h7xx_hal_i2c_ex.c ****   * @file    stm32h7xx_hal_i2c_ex.c
   4:./Drivers/STM32H7xx_HAL_Driver/Src/stm32h7xx_hal_i2c_ex.c ****   * @author  MCD Application Team
   5:./Drivers/STM32H7xx_HAL_Driver/Src/stm32h7xx_hal_i2c_ex.c ****   * @brief   I2C Extended HAL module driver.
   6:./Drivers/STM32H7xx_HAL_Driver/Src/stm32h7xx_hal_i2c_ex.c ****   *          This file provides firmware functions to manage the following
   7:./Drivers/STM32H7xx_HAL_Driver/Src/stm32h7xx_hal_i2c_ex.c ****   *          functionalities of I2C Extended peripheral:
   8:./Drivers/STM32H7xx_HAL_Driver/Src/stm32h7xx_hal_i2c_ex.c ****   *           + Extended features functions
   9:./Drivers/STM32H7xx_HAL_Driver/Src/stm32h7xx_hal_i2c_ex.c ****   *
  10:./Drivers/STM32H7xx_HAL_Driver/Src/stm32h7xx_hal_i2c_ex.c ****   @verbatim
  11:./Drivers/STM32H7xx_HAL_Driver/Src/stm32h7xx_hal_i2c_ex.c ****   ==============================================================================
  12:./Drivers/STM32H7xx_HAL_Driver/Src/stm32h7xx_hal_i2c_ex.c ****                ##### I2C peripheral Extended features  #####
  13:./Drivers/STM32H7xx_HAL_Driver/Src/stm32h7xx_hal_i2c_ex.c ****   ==============================================================================
  14:./Drivers/STM32H7xx_HAL_Driver/Src/stm32h7xx_hal_i2c_ex.c **** 
  15:./Drivers/STM32H7xx_HAL_Driver/Src/stm32h7xx_hal_i2c_ex.c ****   [..] Comparing to other previous devices, the I2C interface for STM32H7xx
  16:./Drivers/STM32H7xx_HAL_Driver/Src/stm32h7xx_hal_i2c_ex.c ****        devices contains the following additional features
  17:./Drivers/STM32H7xx_HAL_Driver/Src/stm32h7xx_hal_i2c_ex.c **** 
  18:./Drivers/STM32H7xx_HAL_Driver/Src/stm32h7xx_hal_i2c_ex.c ****        (+) Possibility to disable or enable Analog Noise Filter
  19:./Drivers/STM32H7xx_HAL_Driver/Src/stm32h7xx_hal_i2c_ex.c ****        (+) Use of a configured Digital Noise Filter
  20:./Drivers/STM32H7xx_HAL_Driver/Src/stm32h7xx_hal_i2c_ex.c ****        (+) Disable or enable wakeup from Stop mode(s)
  21:./Drivers/STM32H7xx_HAL_Driver/Src/stm32h7xx_hal_i2c_ex.c ****        (+) Disable or enable Fast Mode Plus
  22:./Drivers/STM32H7xx_HAL_Driver/Src/stm32h7xx_hal_i2c_ex.c **** 
  23:./Drivers/STM32H7xx_HAL_Driver/Src/stm32h7xx_hal_i2c_ex.c ****                      ##### How to use this driver #####
  24:./Drivers/STM32H7xx_HAL_Driver/Src/stm32h7xx_hal_i2c_ex.c ****   ==============================================================================
  25:./Drivers/STM32H7xx_HAL_Driver/Src/stm32h7xx_hal_i2c_ex.c ****   [..] This driver provides functions to configure Noise Filter and Wake Up Feature
  26:./Drivers/STM32H7xx_HAL_Driver/Src/stm32h7xx_hal_i2c_ex.c ****     (#) Configure I2C Analog noise filter using the function HAL_I2CEx_ConfigAnalogFilter()
  27:./Drivers/STM32H7xx_HAL_Driver/Src/stm32h7xx_hal_i2c_ex.c ****     (#) Configure I2C Digital noise filter using the function HAL_I2CEx_ConfigDigitalFilter()
  28:./Drivers/STM32H7xx_HAL_Driver/Src/stm32h7xx_hal_i2c_ex.c ****     (#) Configure the enable or disable of I2C Wake Up Mode using the functions :
  29:./Drivers/STM32H7xx_HAL_Driver/Src/stm32h7xx_hal_i2c_ex.c ****           (++) HAL_I2CEx_EnableWakeUp()
  30:./Drivers/STM32H7xx_HAL_Driver/Src/stm32h7xx_hal_i2c_ex.c ****           (++) HAL_I2CEx_DisableWakeUp()
  31:./Drivers/STM32H7xx_HAL_Driver/Src/stm32h7xx_hal_i2c_ex.c ****     (#) Configure the enable or disable of fast mode plus driving capability using the functions :
ARM GAS  /tmp/ccLvL4wh.s 			page 2


  32:./Drivers/STM32H7xx_HAL_Driver/Src/stm32h7xx_hal_i2c_ex.c ****           (++) HAL_I2CEx_EnableFastModePlus()
  33:./Drivers/STM32H7xx_HAL_Driver/Src/stm32h7xx_hal_i2c_ex.c ****           (++) HAL_I2CEx_DisableFastModePlus()
  34:./Drivers/STM32H7xx_HAL_Driver/Src/stm32h7xx_hal_i2c_ex.c ****   @endverbatim
  35:./Drivers/STM32H7xx_HAL_Driver/Src/stm32h7xx_hal_i2c_ex.c ****   ******************************************************************************
  36:./Drivers/STM32H7xx_HAL_Driver/Src/stm32h7xx_hal_i2c_ex.c ****   * @attention
  37:./Drivers/STM32H7xx_HAL_Driver/Src/stm32h7xx_hal_i2c_ex.c ****   *
  38:./Drivers/STM32H7xx_HAL_Driver/Src/stm32h7xx_hal_i2c_ex.c ****   * <h2><center>&copy; Copyright (c) 2017 STMicroelectronics.
  39:./Drivers/STM32H7xx_HAL_Driver/Src/stm32h7xx_hal_i2c_ex.c ****   * All rights reserved.</center></h2>
  40:./Drivers/STM32H7xx_HAL_Driver/Src/stm32h7xx_hal_i2c_ex.c ****   *
  41:./Drivers/STM32H7xx_HAL_Driver/Src/stm32h7xx_hal_i2c_ex.c ****   * This software component is licensed by ST under BSD 3-Clause license,
  42:./Drivers/STM32H7xx_HAL_Driver/Src/stm32h7xx_hal_i2c_ex.c ****   * the "License"; You may not use this file except in compliance with the
  43:./Drivers/STM32H7xx_HAL_Driver/Src/stm32h7xx_hal_i2c_ex.c ****   * License. You may obtain a copy of the License at:
  44:./Drivers/STM32H7xx_HAL_Driver/Src/stm32h7xx_hal_i2c_ex.c ****   *                        opensource.org/licenses/BSD-3-Clause
  45:./Drivers/STM32H7xx_HAL_Driver/Src/stm32h7xx_hal_i2c_ex.c ****   *
  46:./Drivers/STM32H7xx_HAL_Driver/Src/stm32h7xx_hal_i2c_ex.c ****   ******************************************************************************
  47:./Drivers/STM32H7xx_HAL_Driver/Src/stm32h7xx_hal_i2c_ex.c ****   */
  48:./Drivers/STM32H7xx_HAL_Driver/Src/stm32h7xx_hal_i2c_ex.c **** 
  49:./Drivers/STM32H7xx_HAL_Driver/Src/stm32h7xx_hal_i2c_ex.c **** /* Includes ------------------------------------------------------------------*/
  50:./Drivers/STM32H7xx_HAL_Driver/Src/stm32h7xx_hal_i2c_ex.c **** #include "stm32h7xx_hal.h"
  51:./Drivers/STM32H7xx_HAL_Driver/Src/stm32h7xx_hal_i2c_ex.c **** 
  52:./Drivers/STM32H7xx_HAL_Driver/Src/stm32h7xx_hal_i2c_ex.c **** /** @addtogroup STM32H7xx_HAL_Driver
  53:./Drivers/STM32H7xx_HAL_Driver/Src/stm32h7xx_hal_i2c_ex.c ****   * @{
  54:./Drivers/STM32H7xx_HAL_Driver/Src/stm32h7xx_hal_i2c_ex.c ****   */
  55:./Drivers/STM32H7xx_HAL_Driver/Src/stm32h7xx_hal_i2c_ex.c **** 
  56:./Drivers/STM32H7xx_HAL_Driver/Src/stm32h7xx_hal_i2c_ex.c **** /** @defgroup I2CEx I2CEx
  57:./Drivers/STM32H7xx_HAL_Driver/Src/stm32h7xx_hal_i2c_ex.c ****   * @brief I2C Extended HAL module driver
  58:./Drivers/STM32H7xx_HAL_Driver/Src/stm32h7xx_hal_i2c_ex.c ****   * @{
  59:./Drivers/STM32H7xx_HAL_Driver/Src/stm32h7xx_hal_i2c_ex.c ****   */
  60:./Drivers/STM32H7xx_HAL_Driver/Src/stm32h7xx_hal_i2c_ex.c **** 
  61:./Drivers/STM32H7xx_HAL_Driver/Src/stm32h7xx_hal_i2c_ex.c **** #ifdef HAL_I2C_MODULE_ENABLED
  62:./Drivers/STM32H7xx_HAL_Driver/Src/stm32h7xx_hal_i2c_ex.c **** 
  63:./Drivers/STM32H7xx_HAL_Driver/Src/stm32h7xx_hal_i2c_ex.c **** /* Private typedef -----------------------------------------------------------*/
  64:./Drivers/STM32H7xx_HAL_Driver/Src/stm32h7xx_hal_i2c_ex.c **** /* Private define ------------------------------------------------------------*/
  65:./Drivers/STM32H7xx_HAL_Driver/Src/stm32h7xx_hal_i2c_ex.c **** /* Private macro -------------------------------------------------------------*/
  66:./Drivers/STM32H7xx_HAL_Driver/Src/stm32h7xx_hal_i2c_ex.c **** /* Private variables ---------------------------------------------------------*/
  67:./Drivers/STM32H7xx_HAL_Driver/Src/stm32h7xx_hal_i2c_ex.c **** /* Private function prototypes -----------------------------------------------*/
  68:./Drivers/STM32H7xx_HAL_Driver/Src/stm32h7xx_hal_i2c_ex.c **** /* Private functions ---------------------------------------------------------*/
  69:./Drivers/STM32H7xx_HAL_Driver/Src/stm32h7xx_hal_i2c_ex.c **** 
  70:./Drivers/STM32H7xx_HAL_Driver/Src/stm32h7xx_hal_i2c_ex.c **** /** @defgroup I2CEx_Exported_Functions I2C Extended Exported Functions
  71:./Drivers/STM32H7xx_HAL_Driver/Src/stm32h7xx_hal_i2c_ex.c ****   * @{
  72:./Drivers/STM32H7xx_HAL_Driver/Src/stm32h7xx_hal_i2c_ex.c ****   */
  73:./Drivers/STM32H7xx_HAL_Driver/Src/stm32h7xx_hal_i2c_ex.c **** 
  74:./Drivers/STM32H7xx_HAL_Driver/Src/stm32h7xx_hal_i2c_ex.c **** /** @defgroup I2CEx_Exported_Functions_Group1 Extended features functions
  75:./Drivers/STM32H7xx_HAL_Driver/Src/stm32h7xx_hal_i2c_ex.c ****   * @brief    Extended features functions
  76:./Drivers/STM32H7xx_HAL_Driver/Src/stm32h7xx_hal_i2c_ex.c ****  *
  77:./Drivers/STM32H7xx_HAL_Driver/Src/stm32h7xx_hal_i2c_ex.c **** @verbatim
  78:./Drivers/STM32H7xx_HAL_Driver/Src/stm32h7xx_hal_i2c_ex.c ****  ===============================================================================
  79:./Drivers/STM32H7xx_HAL_Driver/Src/stm32h7xx_hal_i2c_ex.c ****                       ##### Extended features functions #####
  80:./Drivers/STM32H7xx_HAL_Driver/Src/stm32h7xx_hal_i2c_ex.c ****  ===============================================================================
  81:./Drivers/STM32H7xx_HAL_Driver/Src/stm32h7xx_hal_i2c_ex.c ****     [..] This section provides functions allowing to:
  82:./Drivers/STM32H7xx_HAL_Driver/Src/stm32h7xx_hal_i2c_ex.c ****       (+) Configure Noise Filters
  83:./Drivers/STM32H7xx_HAL_Driver/Src/stm32h7xx_hal_i2c_ex.c ****       (+) Configure Wake Up Feature
  84:./Drivers/STM32H7xx_HAL_Driver/Src/stm32h7xx_hal_i2c_ex.c ****       (+) Configure Fast Mode Plus
  85:./Drivers/STM32H7xx_HAL_Driver/Src/stm32h7xx_hal_i2c_ex.c **** 
  86:./Drivers/STM32H7xx_HAL_Driver/Src/stm32h7xx_hal_i2c_ex.c **** @endverbatim
  87:./Drivers/STM32H7xx_HAL_Driver/Src/stm32h7xx_hal_i2c_ex.c ****   * @{
  88:./Drivers/STM32H7xx_HAL_Driver/Src/stm32h7xx_hal_i2c_ex.c ****   */
ARM GAS  /tmp/ccLvL4wh.s 			page 3


  89:./Drivers/STM32H7xx_HAL_Driver/Src/stm32h7xx_hal_i2c_ex.c **** 
  90:./Drivers/STM32H7xx_HAL_Driver/Src/stm32h7xx_hal_i2c_ex.c **** /**
  91:./Drivers/STM32H7xx_HAL_Driver/Src/stm32h7xx_hal_i2c_ex.c ****   * @brief  Configure I2C Analog noise filter.
  92:./Drivers/STM32H7xx_HAL_Driver/Src/stm32h7xx_hal_i2c_ex.c ****   * @param  hi2c Pointer to a I2C_HandleTypeDef structure that contains
  93:./Drivers/STM32H7xx_HAL_Driver/Src/stm32h7xx_hal_i2c_ex.c ****   *                the configuration information for the specified I2Cx peripheral.
  94:./Drivers/STM32H7xx_HAL_Driver/Src/stm32h7xx_hal_i2c_ex.c ****   * @param  AnalogFilter New state of the Analog filter.
  95:./Drivers/STM32H7xx_HAL_Driver/Src/stm32h7xx_hal_i2c_ex.c ****   * @retval HAL status
  96:./Drivers/STM32H7xx_HAL_Driver/Src/stm32h7xx_hal_i2c_ex.c ****   */
  97:./Drivers/STM32H7xx_HAL_Driver/Src/stm32h7xx_hal_i2c_ex.c **** HAL_StatusTypeDef HAL_I2CEx_ConfigAnalogFilter(I2C_HandleTypeDef *hi2c, uint32_t AnalogFilter)
  98:./Drivers/STM32H7xx_HAL_Driver/Src/stm32h7xx_hal_i2c_ex.c **** {
  28              		.loc 1 98 1
  29              		.cfi_startproc
  30              		@ args = 0, pretend = 0, frame = 8
  31              		@ frame_needed = 1, uses_anonymous_args = 0
  32              		@ link register save eliminated.
  33 0000 80B4     		push	{r7}
  34              		.cfi_def_cfa_offset 4
  35              		.cfi_offset 7, -4
  36 0002 83B0     		sub	sp, sp, #12
  37              		.cfi_def_cfa_offset 16
  38 0004 00AF     		add	r7, sp, #0
  39              		.cfi_def_cfa_register 7
  40 0006 7860     		str	r0, [r7, #4]
  41 0008 3960     		str	r1, [r7]
  99:./Drivers/STM32H7xx_HAL_Driver/Src/stm32h7xx_hal_i2c_ex.c ****   /* Check the parameters */
 100:./Drivers/STM32H7xx_HAL_Driver/Src/stm32h7xx_hal_i2c_ex.c ****   assert_param(IS_I2C_ALL_INSTANCE(hi2c->Instance));
 101:./Drivers/STM32H7xx_HAL_Driver/Src/stm32h7xx_hal_i2c_ex.c ****   assert_param(IS_I2C_ANALOG_FILTER(AnalogFilter));
 102:./Drivers/STM32H7xx_HAL_Driver/Src/stm32h7xx_hal_i2c_ex.c **** 
 103:./Drivers/STM32H7xx_HAL_Driver/Src/stm32h7xx_hal_i2c_ex.c ****   if (hi2c->State == HAL_I2C_STATE_READY)
  42              		.loc 1 103 11
  43 000a 7B68     		ldr	r3, [r7, #4]
  44 000c 93F84130 		ldrb	r3, [r3, #65]
  45 0010 DBB2     		uxtb	r3, r3
  46              		.loc 1 103 6
  47 0012 202B     		cmp	r3, #32
  48 0014 38D1     		bne	.L2
 104:./Drivers/STM32H7xx_HAL_Driver/Src/stm32h7xx_hal_i2c_ex.c ****   {
 105:./Drivers/STM32H7xx_HAL_Driver/Src/stm32h7xx_hal_i2c_ex.c ****     /* Process Locked */
 106:./Drivers/STM32H7xx_HAL_Driver/Src/stm32h7xx_hal_i2c_ex.c ****     __HAL_LOCK(hi2c);
  49              		.loc 1 106 5
  50 0016 7B68     		ldr	r3, [r7, #4]
  51 0018 93F84030 		ldrb	r3, [r3, #64]	@ zero_extendqisi2
  52 001c 012B     		cmp	r3, #1
  53 001e 01D1     		bne	.L3
  54              		.loc 1 106 5 is_stmt 0 discriminator 1
  55 0020 0223     		movs	r3, #2
  56 0022 32E0     		b	.L4
  57              	.L3:
  58              		.loc 1 106 5 discriminator 2
  59 0024 7B68     		ldr	r3, [r7, #4]
  60 0026 0122     		movs	r2, #1
  61 0028 83F84020 		strb	r2, [r3, #64]
 107:./Drivers/STM32H7xx_HAL_Driver/Src/stm32h7xx_hal_i2c_ex.c **** 
 108:./Drivers/STM32H7xx_HAL_Driver/Src/stm32h7xx_hal_i2c_ex.c ****     hi2c->State = HAL_I2C_STATE_BUSY;
  62              		.loc 1 108 17 is_stmt 1 discriminator 2
  63 002c 7B68     		ldr	r3, [r7, #4]
  64 002e 2422     		movs	r2, #36
ARM GAS  /tmp/ccLvL4wh.s 			page 4


  65 0030 83F84120 		strb	r2, [r3, #65]
 109:./Drivers/STM32H7xx_HAL_Driver/Src/stm32h7xx_hal_i2c_ex.c **** 
 110:./Drivers/STM32H7xx_HAL_Driver/Src/stm32h7xx_hal_i2c_ex.c ****     /* Disable the selected I2C peripheral */
 111:./Drivers/STM32H7xx_HAL_Driver/Src/stm32h7xx_hal_i2c_ex.c ****     __HAL_I2C_DISABLE(hi2c);
  66              		.loc 1 111 5 discriminator 2
  67 0034 7B68     		ldr	r3, [r7, #4]
  68 0036 1B68     		ldr	r3, [r3]
  69 0038 1A68     		ldr	r2, [r3]
  70 003a 7B68     		ldr	r3, [r7, #4]
  71 003c 1B68     		ldr	r3, [r3]
  72 003e 22F00102 		bic	r2, r2, #1
  73 0042 1A60     		str	r2, [r3]
 112:./Drivers/STM32H7xx_HAL_Driver/Src/stm32h7xx_hal_i2c_ex.c **** 
 113:./Drivers/STM32H7xx_HAL_Driver/Src/stm32h7xx_hal_i2c_ex.c ****     /* Reset I2Cx ANOFF bit */
 114:./Drivers/STM32H7xx_HAL_Driver/Src/stm32h7xx_hal_i2c_ex.c ****     hi2c->Instance->CR1 &= ~(I2C_CR1_ANFOFF);
  74              		.loc 1 114 9 discriminator 2
  75 0044 7B68     		ldr	r3, [r7, #4]
  76 0046 1B68     		ldr	r3, [r3]
  77              		.loc 1 114 25 discriminator 2
  78 0048 1A68     		ldr	r2, [r3]
  79              		.loc 1 114 9 discriminator 2
  80 004a 7B68     		ldr	r3, [r7, #4]
  81 004c 1B68     		ldr	r3, [r3]
  82              		.loc 1 114 25 discriminator 2
  83 004e 22F48052 		bic	r2, r2, #4096
  84 0052 1A60     		str	r2, [r3]
 115:./Drivers/STM32H7xx_HAL_Driver/Src/stm32h7xx_hal_i2c_ex.c **** 
 116:./Drivers/STM32H7xx_HAL_Driver/Src/stm32h7xx_hal_i2c_ex.c ****     /* Set analog filter bit*/
 117:./Drivers/STM32H7xx_HAL_Driver/Src/stm32h7xx_hal_i2c_ex.c ****     hi2c->Instance->CR1 |= AnalogFilter;
  85              		.loc 1 117 9 discriminator 2
  86 0054 7B68     		ldr	r3, [r7, #4]
  87 0056 1B68     		ldr	r3, [r3]
  88              		.loc 1 117 25 discriminator 2
  89 0058 1968     		ldr	r1, [r3]
  90              		.loc 1 117 9 discriminator 2
  91 005a 7B68     		ldr	r3, [r7, #4]
  92 005c 1B68     		ldr	r3, [r3]
  93              		.loc 1 117 25 discriminator 2
  94 005e 3A68     		ldr	r2, [r7]
  95 0060 0A43     		orrs	r2, r2, r1
  96 0062 1A60     		str	r2, [r3]
 118:./Drivers/STM32H7xx_HAL_Driver/Src/stm32h7xx_hal_i2c_ex.c **** 
 119:./Drivers/STM32H7xx_HAL_Driver/Src/stm32h7xx_hal_i2c_ex.c ****     __HAL_I2C_ENABLE(hi2c);
  97              		.loc 1 119 5 discriminator 2
  98 0064 7B68     		ldr	r3, [r7, #4]
  99 0066 1B68     		ldr	r3, [r3]
 100 0068 1A68     		ldr	r2, [r3]
 101 006a 7B68     		ldr	r3, [r7, #4]
 102 006c 1B68     		ldr	r3, [r3]
 103 006e 42F00102 		orr	r2, r2, #1
 104 0072 1A60     		str	r2, [r3]
 120:./Drivers/STM32H7xx_HAL_Driver/Src/stm32h7xx_hal_i2c_ex.c **** 
 121:./Drivers/STM32H7xx_HAL_Driver/Src/stm32h7xx_hal_i2c_ex.c ****     hi2c->State = HAL_I2C_STATE_READY;
 105              		.loc 1 121 17 discriminator 2
 106 0074 7B68     		ldr	r3, [r7, #4]
 107 0076 2022     		movs	r2, #32
 108 0078 83F84120 		strb	r2, [r3, #65]
ARM GAS  /tmp/ccLvL4wh.s 			page 5


 122:./Drivers/STM32H7xx_HAL_Driver/Src/stm32h7xx_hal_i2c_ex.c **** 
 123:./Drivers/STM32H7xx_HAL_Driver/Src/stm32h7xx_hal_i2c_ex.c ****     /* Process Unlocked */
 124:./Drivers/STM32H7xx_HAL_Driver/Src/stm32h7xx_hal_i2c_ex.c ****     __HAL_UNLOCK(hi2c);
 109              		.loc 1 124 5 discriminator 2
 110 007c 7B68     		ldr	r3, [r7, #4]
 111 007e 0022     		movs	r2, #0
 112 0080 83F84020 		strb	r2, [r3, #64]
 125:./Drivers/STM32H7xx_HAL_Driver/Src/stm32h7xx_hal_i2c_ex.c **** 
 126:./Drivers/STM32H7xx_HAL_Driver/Src/stm32h7xx_hal_i2c_ex.c ****     return HAL_OK;
 113              		.loc 1 126 12 discriminator 2
 114 0084 0023     		movs	r3, #0
 115 0086 00E0     		b	.L4
 116              	.L2:
 127:./Drivers/STM32H7xx_HAL_Driver/Src/stm32h7xx_hal_i2c_ex.c ****   }
 128:./Drivers/STM32H7xx_HAL_Driver/Src/stm32h7xx_hal_i2c_ex.c ****   else
 129:./Drivers/STM32H7xx_HAL_Driver/Src/stm32h7xx_hal_i2c_ex.c ****   {
 130:./Drivers/STM32H7xx_HAL_Driver/Src/stm32h7xx_hal_i2c_ex.c ****     return HAL_BUSY;
 117              		.loc 1 130 12
 118 0088 0223     		movs	r3, #2
 119              	.L4:
 131:./Drivers/STM32H7xx_HAL_Driver/Src/stm32h7xx_hal_i2c_ex.c ****   }
 132:./Drivers/STM32H7xx_HAL_Driver/Src/stm32h7xx_hal_i2c_ex.c **** }
 120              		.loc 1 132 1
 121 008a 1846     		mov	r0, r3
 122 008c 0C37     		adds	r7, r7, #12
 123              		.cfi_def_cfa_offset 4
 124 008e BD46     		mov	sp, r7
 125              		.cfi_def_cfa_register 13
 126              		@ sp needed
 127 0090 5DF8047B 		ldr	r7, [sp], #4
 128              		.cfi_restore 7
 129              		.cfi_def_cfa_offset 0
 130 0094 7047     		bx	lr
 131              		.cfi_endproc
 132              	.LFE134:
 134              		.section	.text.HAL_I2CEx_ConfigDigitalFilter,"ax",%progbits
 135              		.align	1
 136              		.global	HAL_I2CEx_ConfigDigitalFilter
 137              		.syntax unified
 138              		.thumb
 139              		.thumb_func
 140              		.fpu fpv5-d16
 142              	HAL_I2CEx_ConfigDigitalFilter:
 143              	.LFB135:
 133:./Drivers/STM32H7xx_HAL_Driver/Src/stm32h7xx_hal_i2c_ex.c **** 
 134:./Drivers/STM32H7xx_HAL_Driver/Src/stm32h7xx_hal_i2c_ex.c **** /**
 135:./Drivers/STM32H7xx_HAL_Driver/Src/stm32h7xx_hal_i2c_ex.c ****   * @brief  Configure I2C Digital noise filter.
 136:./Drivers/STM32H7xx_HAL_Driver/Src/stm32h7xx_hal_i2c_ex.c ****   * @param  hi2c Pointer to a I2C_HandleTypeDef structure that contains
 137:./Drivers/STM32H7xx_HAL_Driver/Src/stm32h7xx_hal_i2c_ex.c ****   *                the configuration information for the specified I2Cx peripheral.
 138:./Drivers/STM32H7xx_HAL_Driver/Src/stm32h7xx_hal_i2c_ex.c ****   * @param  DigitalFilter Coefficient of digital noise filter between Min_Data=0x00 and Max_Data=0x
 139:./Drivers/STM32H7xx_HAL_Driver/Src/stm32h7xx_hal_i2c_ex.c ****   * @retval HAL status
 140:./Drivers/STM32H7xx_HAL_Driver/Src/stm32h7xx_hal_i2c_ex.c ****   */
 141:./Drivers/STM32H7xx_HAL_Driver/Src/stm32h7xx_hal_i2c_ex.c **** HAL_StatusTypeDef HAL_I2CEx_ConfigDigitalFilter(I2C_HandleTypeDef *hi2c, uint32_t DigitalFilter)
 142:./Drivers/STM32H7xx_HAL_Driver/Src/stm32h7xx_hal_i2c_ex.c **** {
 144              		.loc 1 142 1
 145              		.cfi_startproc
 146              		@ args = 0, pretend = 0, frame = 16
ARM GAS  /tmp/ccLvL4wh.s 			page 6


 147              		@ frame_needed = 1, uses_anonymous_args = 0
 148              		@ link register save eliminated.
 149 0000 80B4     		push	{r7}
 150              		.cfi_def_cfa_offset 4
 151              		.cfi_offset 7, -4
 152 0002 85B0     		sub	sp, sp, #20
 153              		.cfi_def_cfa_offset 24
 154 0004 00AF     		add	r7, sp, #0
 155              		.cfi_def_cfa_register 7
 156 0006 7860     		str	r0, [r7, #4]
 157 0008 3960     		str	r1, [r7]
 143:./Drivers/STM32H7xx_HAL_Driver/Src/stm32h7xx_hal_i2c_ex.c ****   uint32_t tmpreg;
 144:./Drivers/STM32H7xx_HAL_Driver/Src/stm32h7xx_hal_i2c_ex.c **** 
 145:./Drivers/STM32H7xx_HAL_Driver/Src/stm32h7xx_hal_i2c_ex.c ****   /* Check the parameters */
 146:./Drivers/STM32H7xx_HAL_Driver/Src/stm32h7xx_hal_i2c_ex.c ****   assert_param(IS_I2C_ALL_INSTANCE(hi2c->Instance));
 147:./Drivers/STM32H7xx_HAL_Driver/Src/stm32h7xx_hal_i2c_ex.c ****   assert_param(IS_I2C_DIGITAL_FILTER(DigitalFilter));
 148:./Drivers/STM32H7xx_HAL_Driver/Src/stm32h7xx_hal_i2c_ex.c **** 
 149:./Drivers/STM32H7xx_HAL_Driver/Src/stm32h7xx_hal_i2c_ex.c ****   if (hi2c->State == HAL_I2C_STATE_READY)
 158              		.loc 1 149 11
 159 000a 7B68     		ldr	r3, [r7, #4]
 160 000c 93F84130 		ldrb	r3, [r3, #65]
 161 0010 DBB2     		uxtb	r3, r3
 162              		.loc 1 149 6
 163 0012 202B     		cmp	r3, #32
 164 0014 39D1     		bne	.L6
 150:./Drivers/STM32H7xx_HAL_Driver/Src/stm32h7xx_hal_i2c_ex.c ****   {
 151:./Drivers/STM32H7xx_HAL_Driver/Src/stm32h7xx_hal_i2c_ex.c ****     /* Process Locked */
 152:./Drivers/STM32H7xx_HAL_Driver/Src/stm32h7xx_hal_i2c_ex.c ****     __HAL_LOCK(hi2c);
 165              		.loc 1 152 5
 166 0016 7B68     		ldr	r3, [r7, #4]
 167 0018 93F84030 		ldrb	r3, [r3, #64]	@ zero_extendqisi2
 168 001c 012B     		cmp	r3, #1
 169 001e 01D1     		bne	.L7
 170              		.loc 1 152 5 is_stmt 0 discriminator 1
 171 0020 0223     		movs	r3, #2
 172 0022 33E0     		b	.L8
 173              	.L7:
 174              		.loc 1 152 5 discriminator 2
 175 0024 7B68     		ldr	r3, [r7, #4]
 176 0026 0122     		movs	r2, #1
 177 0028 83F84020 		strb	r2, [r3, #64]
 153:./Drivers/STM32H7xx_HAL_Driver/Src/stm32h7xx_hal_i2c_ex.c **** 
 154:./Drivers/STM32H7xx_HAL_Driver/Src/stm32h7xx_hal_i2c_ex.c ****     hi2c->State = HAL_I2C_STATE_BUSY;
 178              		.loc 1 154 17 is_stmt 1 discriminator 2
 179 002c 7B68     		ldr	r3, [r7, #4]
 180 002e 2422     		movs	r2, #36
 181 0030 83F84120 		strb	r2, [r3, #65]
 155:./Drivers/STM32H7xx_HAL_Driver/Src/stm32h7xx_hal_i2c_ex.c **** 
 156:./Drivers/STM32H7xx_HAL_Driver/Src/stm32h7xx_hal_i2c_ex.c ****     /* Disable the selected I2C peripheral */
 157:./Drivers/STM32H7xx_HAL_Driver/Src/stm32h7xx_hal_i2c_ex.c ****     __HAL_I2C_DISABLE(hi2c);
 182              		.loc 1 157 5 discriminator 2
 183 0034 7B68     		ldr	r3, [r7, #4]
 184 0036 1B68     		ldr	r3, [r3]
 185 0038 1A68     		ldr	r2, [r3]
 186 003a 7B68     		ldr	r3, [r7, #4]
 187 003c 1B68     		ldr	r3, [r3]
 188 003e 22F00102 		bic	r2, r2, #1
ARM GAS  /tmp/ccLvL4wh.s 			page 7


 189 0042 1A60     		str	r2, [r3]
 158:./Drivers/STM32H7xx_HAL_Driver/Src/stm32h7xx_hal_i2c_ex.c **** 
 159:./Drivers/STM32H7xx_HAL_Driver/Src/stm32h7xx_hal_i2c_ex.c ****     /* Get the old register value */
 160:./Drivers/STM32H7xx_HAL_Driver/Src/stm32h7xx_hal_i2c_ex.c ****     tmpreg = hi2c->Instance->CR1;
 190              		.loc 1 160 18 discriminator 2
 191 0044 7B68     		ldr	r3, [r7, #4]
 192 0046 1B68     		ldr	r3, [r3]
 193              		.loc 1 160 12 discriminator 2
 194 0048 1B68     		ldr	r3, [r3]
 195 004a FB60     		str	r3, [r7, #12]
 161:./Drivers/STM32H7xx_HAL_Driver/Src/stm32h7xx_hal_i2c_ex.c **** 
 162:./Drivers/STM32H7xx_HAL_Driver/Src/stm32h7xx_hal_i2c_ex.c ****     /* Reset I2Cx DNF bits [11:8] */
 163:./Drivers/STM32H7xx_HAL_Driver/Src/stm32h7xx_hal_i2c_ex.c ****     tmpreg &= ~(I2C_CR1_DNF);
 196              		.loc 1 163 12 discriminator 2
 197 004c FB68     		ldr	r3, [r7, #12]
 198 004e 23F47063 		bic	r3, r3, #3840
 199 0052 FB60     		str	r3, [r7, #12]
 164:./Drivers/STM32H7xx_HAL_Driver/Src/stm32h7xx_hal_i2c_ex.c **** 
 165:./Drivers/STM32H7xx_HAL_Driver/Src/stm32h7xx_hal_i2c_ex.c ****     /* Set I2Cx DNF coefficient */
 166:./Drivers/STM32H7xx_HAL_Driver/Src/stm32h7xx_hal_i2c_ex.c ****     tmpreg |= DigitalFilter << 8U;
 200              		.loc 1 166 29 discriminator 2
 201 0054 3B68     		ldr	r3, [r7]
 202 0056 1B02     		lsls	r3, r3, #8
 203              		.loc 1 166 12 discriminator 2
 204 0058 FA68     		ldr	r2, [r7, #12]
 205 005a 1343     		orrs	r3, r3, r2
 206 005c FB60     		str	r3, [r7, #12]
 167:./Drivers/STM32H7xx_HAL_Driver/Src/stm32h7xx_hal_i2c_ex.c **** 
 168:./Drivers/STM32H7xx_HAL_Driver/Src/stm32h7xx_hal_i2c_ex.c ****     /* Store the new register value */
 169:./Drivers/STM32H7xx_HAL_Driver/Src/stm32h7xx_hal_i2c_ex.c ****     hi2c->Instance->CR1 = tmpreg;
 207              		.loc 1 169 9 discriminator 2
 208 005e 7B68     		ldr	r3, [r7, #4]
 209 0060 1B68     		ldr	r3, [r3]
 210              		.loc 1 169 25 discriminator 2
 211 0062 FA68     		ldr	r2, [r7, #12]
 212 0064 1A60     		str	r2, [r3]
 170:./Drivers/STM32H7xx_HAL_Driver/Src/stm32h7xx_hal_i2c_ex.c **** 
 171:./Drivers/STM32H7xx_HAL_Driver/Src/stm32h7xx_hal_i2c_ex.c ****     __HAL_I2C_ENABLE(hi2c);
 213              		.loc 1 171 5 discriminator 2
 214 0066 7B68     		ldr	r3, [r7, #4]
 215 0068 1B68     		ldr	r3, [r3]
 216 006a 1A68     		ldr	r2, [r3]
 217 006c 7B68     		ldr	r3, [r7, #4]
 218 006e 1B68     		ldr	r3, [r3]
 219 0070 42F00102 		orr	r2, r2, #1
 220 0074 1A60     		str	r2, [r3]
 172:./Drivers/STM32H7xx_HAL_Driver/Src/stm32h7xx_hal_i2c_ex.c **** 
 173:./Drivers/STM32H7xx_HAL_Driver/Src/stm32h7xx_hal_i2c_ex.c ****     hi2c->State = HAL_I2C_STATE_READY;
 221              		.loc 1 173 17 discriminator 2
 222 0076 7B68     		ldr	r3, [r7, #4]
 223 0078 2022     		movs	r2, #32
 224 007a 83F84120 		strb	r2, [r3, #65]
 174:./Drivers/STM32H7xx_HAL_Driver/Src/stm32h7xx_hal_i2c_ex.c **** 
 175:./Drivers/STM32H7xx_HAL_Driver/Src/stm32h7xx_hal_i2c_ex.c ****     /* Process Unlocked */
 176:./Drivers/STM32H7xx_HAL_Driver/Src/stm32h7xx_hal_i2c_ex.c ****     __HAL_UNLOCK(hi2c);
 225              		.loc 1 176 5 discriminator 2
 226 007e 7B68     		ldr	r3, [r7, #4]
ARM GAS  /tmp/ccLvL4wh.s 			page 8


 227 0080 0022     		movs	r2, #0
 228 0082 83F84020 		strb	r2, [r3, #64]
 177:./Drivers/STM32H7xx_HAL_Driver/Src/stm32h7xx_hal_i2c_ex.c **** 
 178:./Drivers/STM32H7xx_HAL_Driver/Src/stm32h7xx_hal_i2c_ex.c ****     return HAL_OK;
 229              		.loc 1 178 12 discriminator 2
 230 0086 0023     		movs	r3, #0
 231 0088 00E0     		b	.L8
 232              	.L6:
 179:./Drivers/STM32H7xx_HAL_Driver/Src/stm32h7xx_hal_i2c_ex.c ****   }
 180:./Drivers/STM32H7xx_HAL_Driver/Src/stm32h7xx_hal_i2c_ex.c ****   else
 181:./Drivers/STM32H7xx_HAL_Driver/Src/stm32h7xx_hal_i2c_ex.c ****   {
 182:./Drivers/STM32H7xx_HAL_Driver/Src/stm32h7xx_hal_i2c_ex.c ****     return HAL_BUSY;
 233              		.loc 1 182 12
 234 008a 0223     		movs	r3, #2
 235              	.L8:
 183:./Drivers/STM32H7xx_HAL_Driver/Src/stm32h7xx_hal_i2c_ex.c ****   }
 184:./Drivers/STM32H7xx_HAL_Driver/Src/stm32h7xx_hal_i2c_ex.c **** }
 236              		.loc 1 184 1
 237 008c 1846     		mov	r0, r3
 238 008e 1437     		adds	r7, r7, #20
 239              		.cfi_def_cfa_offset 4
 240 0090 BD46     		mov	sp, r7
 241              		.cfi_def_cfa_register 13
 242              		@ sp needed
 243 0092 5DF8047B 		ldr	r7, [sp], #4
 244              		.cfi_restore 7
 245              		.cfi_def_cfa_offset 0
 246 0096 7047     		bx	lr
 247              		.cfi_endproc
 248              	.LFE135:
 250              		.section	.text.HAL_I2CEx_EnableWakeUp,"ax",%progbits
 251              		.align	1
 252              		.global	HAL_I2CEx_EnableWakeUp
 253              		.syntax unified
 254              		.thumb
 255              		.thumb_func
 256              		.fpu fpv5-d16
 258              	HAL_I2CEx_EnableWakeUp:
 259              	.LFB136:
 185:./Drivers/STM32H7xx_HAL_Driver/Src/stm32h7xx_hal_i2c_ex.c **** 
 186:./Drivers/STM32H7xx_HAL_Driver/Src/stm32h7xx_hal_i2c_ex.c **** /**
 187:./Drivers/STM32H7xx_HAL_Driver/Src/stm32h7xx_hal_i2c_ex.c ****   * @brief  Enable I2C wakeup from Stop mode(s).
 188:./Drivers/STM32H7xx_HAL_Driver/Src/stm32h7xx_hal_i2c_ex.c ****   * @param  hi2c Pointer to a I2C_HandleTypeDef structure that contains
 189:./Drivers/STM32H7xx_HAL_Driver/Src/stm32h7xx_hal_i2c_ex.c ****   *                the configuration information for the specified I2Cx peripheral.
 190:./Drivers/STM32H7xx_HAL_Driver/Src/stm32h7xx_hal_i2c_ex.c ****   * @retval HAL status
 191:./Drivers/STM32H7xx_HAL_Driver/Src/stm32h7xx_hal_i2c_ex.c ****   */
 192:./Drivers/STM32H7xx_HAL_Driver/Src/stm32h7xx_hal_i2c_ex.c **** HAL_StatusTypeDef HAL_I2CEx_EnableWakeUp(I2C_HandleTypeDef *hi2c)
 193:./Drivers/STM32H7xx_HAL_Driver/Src/stm32h7xx_hal_i2c_ex.c **** {
 260              		.loc 1 193 1
 261              		.cfi_startproc
 262              		@ args = 0, pretend = 0, frame = 8
 263              		@ frame_needed = 1, uses_anonymous_args = 0
 264              		@ link register save eliminated.
 265 0000 80B4     		push	{r7}
 266              		.cfi_def_cfa_offset 4
 267              		.cfi_offset 7, -4
 268 0002 83B0     		sub	sp, sp, #12
ARM GAS  /tmp/ccLvL4wh.s 			page 9


 269              		.cfi_def_cfa_offset 16
 270 0004 00AF     		add	r7, sp, #0
 271              		.cfi_def_cfa_register 7
 272 0006 7860     		str	r0, [r7, #4]
 194:./Drivers/STM32H7xx_HAL_Driver/Src/stm32h7xx_hal_i2c_ex.c ****   /* Check the parameters */
 195:./Drivers/STM32H7xx_HAL_Driver/Src/stm32h7xx_hal_i2c_ex.c ****   assert_param(IS_I2C_WAKEUP_FROMSTOP_INSTANCE(hi2c->Instance));
 196:./Drivers/STM32H7xx_HAL_Driver/Src/stm32h7xx_hal_i2c_ex.c **** 
 197:./Drivers/STM32H7xx_HAL_Driver/Src/stm32h7xx_hal_i2c_ex.c ****   if (hi2c->State == HAL_I2C_STATE_READY)
 273              		.loc 1 197 11
 274 0008 7B68     		ldr	r3, [r7, #4]
 275 000a 93F84130 		ldrb	r3, [r3, #65]
 276 000e DBB2     		uxtb	r3, r3
 277              		.loc 1 197 6
 278 0010 202B     		cmp	r3, #32
 279 0012 30D1     		bne	.L10
 198:./Drivers/STM32H7xx_HAL_Driver/Src/stm32h7xx_hal_i2c_ex.c ****   {
 199:./Drivers/STM32H7xx_HAL_Driver/Src/stm32h7xx_hal_i2c_ex.c ****     /* Process Locked */
 200:./Drivers/STM32H7xx_HAL_Driver/Src/stm32h7xx_hal_i2c_ex.c ****     __HAL_LOCK(hi2c);
 280              		.loc 1 200 5
 281 0014 7B68     		ldr	r3, [r7, #4]
 282 0016 93F84030 		ldrb	r3, [r3, #64]	@ zero_extendqisi2
 283 001a 012B     		cmp	r3, #1
 284 001c 01D1     		bne	.L11
 285              		.loc 1 200 5 is_stmt 0 discriminator 1
 286 001e 0223     		movs	r3, #2
 287 0020 2AE0     		b	.L12
 288              	.L11:
 289              		.loc 1 200 5 discriminator 2
 290 0022 7B68     		ldr	r3, [r7, #4]
 291 0024 0122     		movs	r2, #1
 292 0026 83F84020 		strb	r2, [r3, #64]
 201:./Drivers/STM32H7xx_HAL_Driver/Src/stm32h7xx_hal_i2c_ex.c **** 
 202:./Drivers/STM32H7xx_HAL_Driver/Src/stm32h7xx_hal_i2c_ex.c ****     hi2c->State = HAL_I2C_STATE_BUSY;
 293              		.loc 1 202 17 is_stmt 1 discriminator 2
 294 002a 7B68     		ldr	r3, [r7, #4]
 295 002c 2422     		movs	r2, #36
 296 002e 83F84120 		strb	r2, [r3, #65]
 203:./Drivers/STM32H7xx_HAL_Driver/Src/stm32h7xx_hal_i2c_ex.c **** 
 204:./Drivers/STM32H7xx_HAL_Driver/Src/stm32h7xx_hal_i2c_ex.c ****     /* Disable the selected I2C peripheral */
 205:./Drivers/STM32H7xx_HAL_Driver/Src/stm32h7xx_hal_i2c_ex.c ****     __HAL_I2C_DISABLE(hi2c);
 297              		.loc 1 205 5 discriminator 2
 298 0032 7B68     		ldr	r3, [r7, #4]
 299 0034 1B68     		ldr	r3, [r3]
 300 0036 1A68     		ldr	r2, [r3]
 301 0038 7B68     		ldr	r3, [r7, #4]
 302 003a 1B68     		ldr	r3, [r3]
 303 003c 22F00102 		bic	r2, r2, #1
 304 0040 1A60     		str	r2, [r3]
 206:./Drivers/STM32H7xx_HAL_Driver/Src/stm32h7xx_hal_i2c_ex.c **** 
 207:./Drivers/STM32H7xx_HAL_Driver/Src/stm32h7xx_hal_i2c_ex.c ****     /* Enable wakeup from stop mode */
 208:./Drivers/STM32H7xx_HAL_Driver/Src/stm32h7xx_hal_i2c_ex.c ****     hi2c->Instance->CR1 |= I2C_CR1_WUPEN;
 305              		.loc 1 208 9 discriminator 2
 306 0042 7B68     		ldr	r3, [r7, #4]
 307 0044 1B68     		ldr	r3, [r3]
 308              		.loc 1 208 25 discriminator 2
 309 0046 1A68     		ldr	r2, [r3]
 310              		.loc 1 208 9 discriminator 2
ARM GAS  /tmp/ccLvL4wh.s 			page 10


 311 0048 7B68     		ldr	r3, [r7, #4]
 312 004a 1B68     		ldr	r3, [r3]
 313              		.loc 1 208 25 discriminator 2
 314 004c 42F48022 		orr	r2, r2, #262144
 315 0050 1A60     		str	r2, [r3]
 209:./Drivers/STM32H7xx_HAL_Driver/Src/stm32h7xx_hal_i2c_ex.c **** 
 210:./Drivers/STM32H7xx_HAL_Driver/Src/stm32h7xx_hal_i2c_ex.c ****     __HAL_I2C_ENABLE(hi2c);
 316              		.loc 1 210 5 discriminator 2
 317 0052 7B68     		ldr	r3, [r7, #4]
 318 0054 1B68     		ldr	r3, [r3]
 319 0056 1A68     		ldr	r2, [r3]
 320 0058 7B68     		ldr	r3, [r7, #4]
 321 005a 1B68     		ldr	r3, [r3]
 322 005c 42F00102 		orr	r2, r2, #1
 323 0060 1A60     		str	r2, [r3]
 211:./Drivers/STM32H7xx_HAL_Driver/Src/stm32h7xx_hal_i2c_ex.c **** 
 212:./Drivers/STM32H7xx_HAL_Driver/Src/stm32h7xx_hal_i2c_ex.c ****     hi2c->State = HAL_I2C_STATE_READY;
 324              		.loc 1 212 17 discriminator 2
 325 0062 7B68     		ldr	r3, [r7, #4]
 326 0064 2022     		movs	r2, #32
 327 0066 83F84120 		strb	r2, [r3, #65]
 213:./Drivers/STM32H7xx_HAL_Driver/Src/stm32h7xx_hal_i2c_ex.c **** 
 214:./Drivers/STM32H7xx_HAL_Driver/Src/stm32h7xx_hal_i2c_ex.c ****     /* Process Unlocked */
 215:./Drivers/STM32H7xx_HAL_Driver/Src/stm32h7xx_hal_i2c_ex.c ****     __HAL_UNLOCK(hi2c);
 328              		.loc 1 215 5 discriminator 2
 329 006a 7B68     		ldr	r3, [r7, #4]
 330 006c 0022     		movs	r2, #0
 331 006e 83F84020 		strb	r2, [r3, #64]
 216:./Drivers/STM32H7xx_HAL_Driver/Src/stm32h7xx_hal_i2c_ex.c **** 
 217:./Drivers/STM32H7xx_HAL_Driver/Src/stm32h7xx_hal_i2c_ex.c ****     return HAL_OK;
 332              		.loc 1 217 12 discriminator 2
 333 0072 0023     		movs	r3, #0
 334 0074 00E0     		b	.L12
 335              	.L10:
 218:./Drivers/STM32H7xx_HAL_Driver/Src/stm32h7xx_hal_i2c_ex.c ****   }
 219:./Drivers/STM32H7xx_HAL_Driver/Src/stm32h7xx_hal_i2c_ex.c ****   else
 220:./Drivers/STM32H7xx_HAL_Driver/Src/stm32h7xx_hal_i2c_ex.c ****   {
 221:./Drivers/STM32H7xx_HAL_Driver/Src/stm32h7xx_hal_i2c_ex.c ****     return HAL_BUSY;
 336              		.loc 1 221 12
 337 0076 0223     		movs	r3, #2
 338              	.L12:
 222:./Drivers/STM32H7xx_HAL_Driver/Src/stm32h7xx_hal_i2c_ex.c ****   }
 223:./Drivers/STM32H7xx_HAL_Driver/Src/stm32h7xx_hal_i2c_ex.c **** }
 339              		.loc 1 223 1
 340 0078 1846     		mov	r0, r3
 341 007a 0C37     		adds	r7, r7, #12
 342              		.cfi_def_cfa_offset 4
 343 007c BD46     		mov	sp, r7
 344              		.cfi_def_cfa_register 13
 345              		@ sp needed
 346 007e 5DF8047B 		ldr	r7, [sp], #4
 347              		.cfi_restore 7
 348              		.cfi_def_cfa_offset 0
 349 0082 7047     		bx	lr
 350              		.cfi_endproc
 351              	.LFE136:
 353              		.section	.text.HAL_I2CEx_DisableWakeUp,"ax",%progbits
ARM GAS  /tmp/ccLvL4wh.s 			page 11


 354              		.align	1
 355              		.global	HAL_I2CEx_DisableWakeUp
 356              		.syntax unified
 357              		.thumb
 358              		.thumb_func
 359              		.fpu fpv5-d16
 361              	HAL_I2CEx_DisableWakeUp:
 362              	.LFB137:
 224:./Drivers/STM32H7xx_HAL_Driver/Src/stm32h7xx_hal_i2c_ex.c **** 
 225:./Drivers/STM32H7xx_HAL_Driver/Src/stm32h7xx_hal_i2c_ex.c **** /**
 226:./Drivers/STM32H7xx_HAL_Driver/Src/stm32h7xx_hal_i2c_ex.c ****   * @brief  Disable I2C wakeup from Stop mode(s).
 227:./Drivers/STM32H7xx_HAL_Driver/Src/stm32h7xx_hal_i2c_ex.c ****   * @param  hi2c Pointer to a I2C_HandleTypeDef structure that contains
 228:./Drivers/STM32H7xx_HAL_Driver/Src/stm32h7xx_hal_i2c_ex.c ****   *                the configuration information for the specified I2Cx peripheral.
 229:./Drivers/STM32H7xx_HAL_Driver/Src/stm32h7xx_hal_i2c_ex.c ****   * @retval HAL status
 230:./Drivers/STM32H7xx_HAL_Driver/Src/stm32h7xx_hal_i2c_ex.c ****   */
 231:./Drivers/STM32H7xx_HAL_Driver/Src/stm32h7xx_hal_i2c_ex.c **** HAL_StatusTypeDef HAL_I2CEx_DisableWakeUp(I2C_HandleTypeDef *hi2c)
 232:./Drivers/STM32H7xx_HAL_Driver/Src/stm32h7xx_hal_i2c_ex.c **** {
 363              		.loc 1 232 1
 364              		.cfi_startproc
 365              		@ args = 0, pretend = 0, frame = 8
 366              		@ frame_needed = 1, uses_anonymous_args = 0
 367              		@ link register save eliminated.
 368 0000 80B4     		push	{r7}
 369              		.cfi_def_cfa_offset 4
 370              		.cfi_offset 7, -4
 371 0002 83B0     		sub	sp, sp, #12
 372              		.cfi_def_cfa_offset 16
 373 0004 00AF     		add	r7, sp, #0
 374              		.cfi_def_cfa_register 7
 375 0006 7860     		str	r0, [r7, #4]
 233:./Drivers/STM32H7xx_HAL_Driver/Src/stm32h7xx_hal_i2c_ex.c ****   /* Check the parameters */
 234:./Drivers/STM32H7xx_HAL_Driver/Src/stm32h7xx_hal_i2c_ex.c ****   assert_param(IS_I2C_WAKEUP_FROMSTOP_INSTANCE(hi2c->Instance));
 235:./Drivers/STM32H7xx_HAL_Driver/Src/stm32h7xx_hal_i2c_ex.c **** 
 236:./Drivers/STM32H7xx_HAL_Driver/Src/stm32h7xx_hal_i2c_ex.c ****   if (hi2c->State == HAL_I2C_STATE_READY)
 376              		.loc 1 236 11
 377 0008 7B68     		ldr	r3, [r7, #4]
 378 000a 93F84130 		ldrb	r3, [r3, #65]
 379 000e DBB2     		uxtb	r3, r3
 380              		.loc 1 236 6
 381 0010 202B     		cmp	r3, #32
 382 0012 30D1     		bne	.L14
 237:./Drivers/STM32H7xx_HAL_Driver/Src/stm32h7xx_hal_i2c_ex.c ****   {
 238:./Drivers/STM32H7xx_HAL_Driver/Src/stm32h7xx_hal_i2c_ex.c ****     /* Process Locked */
 239:./Drivers/STM32H7xx_HAL_Driver/Src/stm32h7xx_hal_i2c_ex.c ****     __HAL_LOCK(hi2c);
 383              		.loc 1 239 5
 384 0014 7B68     		ldr	r3, [r7, #4]
 385 0016 93F84030 		ldrb	r3, [r3, #64]	@ zero_extendqisi2
 386 001a 012B     		cmp	r3, #1
 387 001c 01D1     		bne	.L15
 388              		.loc 1 239 5 is_stmt 0 discriminator 1
 389 001e 0223     		movs	r3, #2
 390 0020 2AE0     		b	.L16
 391              	.L15:
 392              		.loc 1 239 5 discriminator 2
 393 0022 7B68     		ldr	r3, [r7, #4]
 394 0024 0122     		movs	r2, #1
 395 0026 83F84020 		strb	r2, [r3, #64]
ARM GAS  /tmp/ccLvL4wh.s 			page 12


 240:./Drivers/STM32H7xx_HAL_Driver/Src/stm32h7xx_hal_i2c_ex.c **** 
 241:./Drivers/STM32H7xx_HAL_Driver/Src/stm32h7xx_hal_i2c_ex.c ****     hi2c->State = HAL_I2C_STATE_BUSY;
 396              		.loc 1 241 17 is_stmt 1 discriminator 2
 397 002a 7B68     		ldr	r3, [r7, #4]
 398 002c 2422     		movs	r2, #36
 399 002e 83F84120 		strb	r2, [r3, #65]
 242:./Drivers/STM32H7xx_HAL_Driver/Src/stm32h7xx_hal_i2c_ex.c **** 
 243:./Drivers/STM32H7xx_HAL_Driver/Src/stm32h7xx_hal_i2c_ex.c ****     /* Disable the selected I2C peripheral */
 244:./Drivers/STM32H7xx_HAL_Driver/Src/stm32h7xx_hal_i2c_ex.c ****     __HAL_I2C_DISABLE(hi2c);
 400              		.loc 1 244 5 discriminator 2
 401 0032 7B68     		ldr	r3, [r7, #4]
 402 0034 1B68     		ldr	r3, [r3]
 403 0036 1A68     		ldr	r2, [r3]
 404 0038 7B68     		ldr	r3, [r7, #4]
 405 003a 1B68     		ldr	r3, [r3]
 406 003c 22F00102 		bic	r2, r2, #1
 407 0040 1A60     		str	r2, [r3]
 245:./Drivers/STM32H7xx_HAL_Driver/Src/stm32h7xx_hal_i2c_ex.c **** 
 246:./Drivers/STM32H7xx_HAL_Driver/Src/stm32h7xx_hal_i2c_ex.c ****     /* Enable wakeup from stop mode */
 247:./Drivers/STM32H7xx_HAL_Driver/Src/stm32h7xx_hal_i2c_ex.c ****     hi2c->Instance->CR1 &= ~(I2C_CR1_WUPEN);
 408              		.loc 1 247 9 discriminator 2
 409 0042 7B68     		ldr	r3, [r7, #4]
 410 0044 1B68     		ldr	r3, [r3]
 411              		.loc 1 247 25 discriminator 2
 412 0046 1A68     		ldr	r2, [r3]
 413              		.loc 1 247 9 discriminator 2
 414 0048 7B68     		ldr	r3, [r7, #4]
 415 004a 1B68     		ldr	r3, [r3]
 416              		.loc 1 247 25 discriminator 2
 417 004c 22F48022 		bic	r2, r2, #262144
 418 0050 1A60     		str	r2, [r3]
 248:./Drivers/STM32H7xx_HAL_Driver/Src/stm32h7xx_hal_i2c_ex.c **** 
 249:./Drivers/STM32H7xx_HAL_Driver/Src/stm32h7xx_hal_i2c_ex.c ****     __HAL_I2C_ENABLE(hi2c);
 419              		.loc 1 249 5 discriminator 2
 420 0052 7B68     		ldr	r3, [r7, #4]
 421 0054 1B68     		ldr	r3, [r3]
 422 0056 1A68     		ldr	r2, [r3]
 423 0058 7B68     		ldr	r3, [r7, #4]
 424 005a 1B68     		ldr	r3, [r3]
 425 005c 42F00102 		orr	r2, r2, #1
 426 0060 1A60     		str	r2, [r3]
 250:./Drivers/STM32H7xx_HAL_Driver/Src/stm32h7xx_hal_i2c_ex.c **** 
 251:./Drivers/STM32H7xx_HAL_Driver/Src/stm32h7xx_hal_i2c_ex.c ****     hi2c->State = HAL_I2C_STATE_READY;
 427              		.loc 1 251 17 discriminator 2
 428 0062 7B68     		ldr	r3, [r7, #4]
 429 0064 2022     		movs	r2, #32
 430 0066 83F84120 		strb	r2, [r3, #65]
 252:./Drivers/STM32H7xx_HAL_Driver/Src/stm32h7xx_hal_i2c_ex.c **** 
 253:./Drivers/STM32H7xx_HAL_Driver/Src/stm32h7xx_hal_i2c_ex.c ****     /* Process Unlocked */
 254:./Drivers/STM32H7xx_HAL_Driver/Src/stm32h7xx_hal_i2c_ex.c ****     __HAL_UNLOCK(hi2c);
 431              		.loc 1 254 5 discriminator 2
 432 006a 7B68     		ldr	r3, [r7, #4]
 433 006c 0022     		movs	r2, #0
 434 006e 83F84020 		strb	r2, [r3, #64]
 255:./Drivers/STM32H7xx_HAL_Driver/Src/stm32h7xx_hal_i2c_ex.c **** 
 256:./Drivers/STM32H7xx_HAL_Driver/Src/stm32h7xx_hal_i2c_ex.c ****     return HAL_OK;
 435              		.loc 1 256 12 discriminator 2
ARM GAS  /tmp/ccLvL4wh.s 			page 13


 436 0072 0023     		movs	r3, #0
 437 0074 00E0     		b	.L16
 438              	.L14:
 257:./Drivers/STM32H7xx_HAL_Driver/Src/stm32h7xx_hal_i2c_ex.c ****   }
 258:./Drivers/STM32H7xx_HAL_Driver/Src/stm32h7xx_hal_i2c_ex.c ****   else
 259:./Drivers/STM32H7xx_HAL_Driver/Src/stm32h7xx_hal_i2c_ex.c ****   {
 260:./Drivers/STM32H7xx_HAL_Driver/Src/stm32h7xx_hal_i2c_ex.c ****     return HAL_BUSY;
 439              		.loc 1 260 12
 440 0076 0223     		movs	r3, #2
 441              	.L16:
 261:./Drivers/STM32H7xx_HAL_Driver/Src/stm32h7xx_hal_i2c_ex.c ****   }
 262:./Drivers/STM32H7xx_HAL_Driver/Src/stm32h7xx_hal_i2c_ex.c **** }
 442              		.loc 1 262 1
 443 0078 1846     		mov	r0, r3
 444 007a 0C37     		adds	r7, r7, #12
 445              		.cfi_def_cfa_offset 4
 446 007c BD46     		mov	sp, r7
 447              		.cfi_def_cfa_register 13
 448              		@ sp needed
 449 007e 5DF8047B 		ldr	r7, [sp], #4
 450              		.cfi_restore 7
 451              		.cfi_def_cfa_offset 0
 452 0082 7047     		bx	lr
 453              		.cfi_endproc
 454              	.LFE137:
 456              		.section	.text.HAL_I2CEx_EnableFastModePlus,"ax",%progbits
 457              		.align	1
 458              		.global	HAL_I2CEx_EnableFastModePlus
 459              		.syntax unified
 460              		.thumb
 461              		.thumb_func
 462              		.fpu fpv5-d16
 464              	HAL_I2CEx_EnableFastModePlus:
 465              	.LFB138:
 263:./Drivers/STM32H7xx_HAL_Driver/Src/stm32h7xx_hal_i2c_ex.c **** 
 264:./Drivers/STM32H7xx_HAL_Driver/Src/stm32h7xx_hal_i2c_ex.c **** /**
 265:./Drivers/STM32H7xx_HAL_Driver/Src/stm32h7xx_hal_i2c_ex.c ****   * @brief Enable the I2C fast mode plus driving capability.
 266:./Drivers/STM32H7xx_HAL_Driver/Src/stm32h7xx_hal_i2c_ex.c ****   * @param ConfigFastModePlus Selects the pin.
 267:./Drivers/STM32H7xx_HAL_Driver/Src/stm32h7xx_hal_i2c_ex.c ****   *   This parameter can be one of the @ref I2CEx_FastModePlus values
 268:./Drivers/STM32H7xx_HAL_Driver/Src/stm32h7xx_hal_i2c_ex.c ****   * @note  For I2C1, fast mode plus driving capability can be enabled on all selected
 269:./Drivers/STM32H7xx_HAL_Driver/Src/stm32h7xx_hal_i2c_ex.c ****   *        I2C1 pins using I2C_FASTMODEPLUS_I2C1 parameter or independently
 270:./Drivers/STM32H7xx_HAL_Driver/Src/stm32h7xx_hal_i2c_ex.c ****   *        on each one of the following pins PB6, PB7, PB8 and PB9.
 271:./Drivers/STM32H7xx_HAL_Driver/Src/stm32h7xx_hal_i2c_ex.c ****   * @note  For remaining I2C1 pins (PA14, PA15...) fast mode plus driving capability
 272:./Drivers/STM32H7xx_HAL_Driver/Src/stm32h7xx_hal_i2c_ex.c ****   *        can be enabled only by using I2C_FASTMODEPLUS_I2C1 parameter.
 273:./Drivers/STM32H7xx_HAL_Driver/Src/stm32h7xx_hal_i2c_ex.c ****   * @note  For all I2C2 pins fast mode plus driving capability can be enabled
 274:./Drivers/STM32H7xx_HAL_Driver/Src/stm32h7xx_hal_i2c_ex.c ****   *        only by using I2C_FASTMODEPLUS_I2C2 parameter.
 275:./Drivers/STM32H7xx_HAL_Driver/Src/stm32h7xx_hal_i2c_ex.c ****   * @note  For all I2C3 pins fast mode plus driving capability can be enabled
 276:./Drivers/STM32H7xx_HAL_Driver/Src/stm32h7xx_hal_i2c_ex.c ****   *        only by using I2C_FASTMODEPLUS_I2C3 parameter.
 277:./Drivers/STM32H7xx_HAL_Driver/Src/stm32h7xx_hal_i2c_ex.c ****   * @note  For all I2C4 pins fast mode plus driving capability can be enabled
 278:./Drivers/STM32H7xx_HAL_Driver/Src/stm32h7xx_hal_i2c_ex.c ****   *        only by using I2C_FASTMODEPLUS_I2C4 parameter.
 279:./Drivers/STM32H7xx_HAL_Driver/Src/stm32h7xx_hal_i2c_ex.c ****   * @retval None
 280:./Drivers/STM32H7xx_HAL_Driver/Src/stm32h7xx_hal_i2c_ex.c ****   */
 281:./Drivers/STM32H7xx_HAL_Driver/Src/stm32h7xx_hal_i2c_ex.c **** void HAL_I2CEx_EnableFastModePlus(uint32_t ConfigFastModePlus)
 282:./Drivers/STM32H7xx_HAL_Driver/Src/stm32h7xx_hal_i2c_ex.c **** {
 466              		.loc 1 282 1
 467              		.cfi_startproc
 468              		@ args = 0, pretend = 0, frame = 16
ARM GAS  /tmp/ccLvL4wh.s 			page 14


 469              		@ frame_needed = 1, uses_anonymous_args = 0
 470              		@ link register save eliminated.
 471 0000 80B4     		push	{r7}
 472              		.cfi_def_cfa_offset 4
 473              		.cfi_offset 7, -4
 474 0002 85B0     		sub	sp, sp, #20
 475              		.cfi_def_cfa_offset 24
 476 0004 00AF     		add	r7, sp, #0
 477              		.cfi_def_cfa_register 7
 478 0006 7860     		str	r0, [r7, #4]
 479              	.LBB2:
 283:./Drivers/STM32H7xx_HAL_Driver/Src/stm32h7xx_hal_i2c_ex.c ****   /* Check the parameter */
 284:./Drivers/STM32H7xx_HAL_Driver/Src/stm32h7xx_hal_i2c_ex.c ****   assert_param(IS_I2C_FASTMODEPLUS(ConfigFastModePlus));
 285:./Drivers/STM32H7xx_HAL_Driver/Src/stm32h7xx_hal_i2c_ex.c **** 
 286:./Drivers/STM32H7xx_HAL_Driver/Src/stm32h7xx_hal_i2c_ex.c ****   /* Enable SYSCFG clock */
 287:./Drivers/STM32H7xx_HAL_Driver/Src/stm32h7xx_hal_i2c_ex.c ****   __HAL_RCC_SYSCFG_CLK_ENABLE();
 480              		.loc 1 287 3
 481 0008 0D4B     		ldr	r3, .L18
 482 000a D3F8F430 		ldr	r3, [r3, #244]
 483 000e 0C4A     		ldr	r2, .L18
 484 0010 43F00203 		orr	r3, r3, #2
 485 0014 C2F8F430 		str	r3, [r2, #244]
 486 0018 094B     		ldr	r3, .L18
 487 001a D3F8F430 		ldr	r3, [r3, #244]
 488 001e 03F00203 		and	r3, r3, #2
 489 0022 FB60     		str	r3, [r7, #12]
 490 0024 FB68     		ldr	r3, [r7, #12]
 491              	.LBE2:
 288:./Drivers/STM32H7xx_HAL_Driver/Src/stm32h7xx_hal_i2c_ex.c **** 
 289:./Drivers/STM32H7xx_HAL_Driver/Src/stm32h7xx_hal_i2c_ex.c ****   /* Enable fast mode plus driving capability for selected pin */
 290:./Drivers/STM32H7xx_HAL_Driver/Src/stm32h7xx_hal_i2c_ex.c ****   SET_BIT(SYSCFG->PMCR, (uint32_t)ConfigFastModePlus);
 492              		.loc 1 290 3
 493 0026 074B     		ldr	r3, .L18+4
 494 0028 5A68     		ldr	r2, [r3, #4]
 495 002a 0649     		ldr	r1, .L18+4
 496 002c 7B68     		ldr	r3, [r7, #4]
 497 002e 1343     		orrs	r3, r3, r2
 498 0030 4B60     		str	r3, [r1, #4]
 291:./Drivers/STM32H7xx_HAL_Driver/Src/stm32h7xx_hal_i2c_ex.c **** }
 499              		.loc 1 291 1
 500 0032 00BF     		nop
 501 0034 1437     		adds	r7, r7, #20
 502              		.cfi_def_cfa_offset 4
 503 0036 BD46     		mov	sp, r7
 504              		.cfi_def_cfa_register 13
 505              		@ sp needed
 506 0038 5DF8047B 		ldr	r7, [sp], #4
 507              		.cfi_restore 7
 508              		.cfi_def_cfa_offset 0
 509 003c 7047     		bx	lr
 510              	.L19:
 511 003e 00BF     		.align	2
 512              	.L18:
 513 0040 00440258 		.word	1476543488
 514 0044 00040058 		.word	1476396032
 515              		.cfi_endproc
 516              	.LFE138:
ARM GAS  /tmp/ccLvL4wh.s 			page 15


 518              		.section	.text.HAL_I2CEx_DisableFastModePlus,"ax",%progbits
 519              		.align	1
 520              		.global	HAL_I2CEx_DisableFastModePlus
 521              		.syntax unified
 522              		.thumb
 523              		.thumb_func
 524              		.fpu fpv5-d16
 526              	HAL_I2CEx_DisableFastModePlus:
 527              	.LFB139:
 292:./Drivers/STM32H7xx_HAL_Driver/Src/stm32h7xx_hal_i2c_ex.c **** 
 293:./Drivers/STM32H7xx_HAL_Driver/Src/stm32h7xx_hal_i2c_ex.c **** /**
 294:./Drivers/STM32H7xx_HAL_Driver/Src/stm32h7xx_hal_i2c_ex.c ****   * @brief Disable the I2C fast mode plus driving capability.
 295:./Drivers/STM32H7xx_HAL_Driver/Src/stm32h7xx_hal_i2c_ex.c ****   * @param ConfigFastModePlus Selects the pin.
 296:./Drivers/STM32H7xx_HAL_Driver/Src/stm32h7xx_hal_i2c_ex.c ****   *   This parameter can be one of the @ref I2CEx_FastModePlus values
 297:./Drivers/STM32H7xx_HAL_Driver/Src/stm32h7xx_hal_i2c_ex.c ****   * @note  For I2C1, fast mode plus driving capability can be disabled on all selected
 298:./Drivers/STM32H7xx_HAL_Driver/Src/stm32h7xx_hal_i2c_ex.c ****   *        I2C1 pins using I2C_FASTMODEPLUS_I2C1 parameter or independently
 299:./Drivers/STM32H7xx_HAL_Driver/Src/stm32h7xx_hal_i2c_ex.c ****   *        on each one of the following pins PB6, PB7, PB8 and PB9.
 300:./Drivers/STM32H7xx_HAL_Driver/Src/stm32h7xx_hal_i2c_ex.c ****   * @note  For remaining I2C1 pins (PA14, PA15...) fast mode plus driving capability
 301:./Drivers/STM32H7xx_HAL_Driver/Src/stm32h7xx_hal_i2c_ex.c ****   *        can be disabled only by using I2C_FASTMODEPLUS_I2C1 parameter.
 302:./Drivers/STM32H7xx_HAL_Driver/Src/stm32h7xx_hal_i2c_ex.c ****   * @note  For all I2C2 pins fast mode plus driving capability can be disabled
 303:./Drivers/STM32H7xx_HAL_Driver/Src/stm32h7xx_hal_i2c_ex.c ****   *        only by using I2C_FASTMODEPLUS_I2C2 parameter.
 304:./Drivers/STM32H7xx_HAL_Driver/Src/stm32h7xx_hal_i2c_ex.c ****   * @note  For all I2C3 pins fast mode plus driving capability can be disabled
 305:./Drivers/STM32H7xx_HAL_Driver/Src/stm32h7xx_hal_i2c_ex.c ****   *        only by using I2C_FASTMODEPLUS_I2C3 parameter.
 306:./Drivers/STM32H7xx_HAL_Driver/Src/stm32h7xx_hal_i2c_ex.c ****   * @note  For all I2C4 pins fast mode plus driving capability can be disabled
 307:./Drivers/STM32H7xx_HAL_Driver/Src/stm32h7xx_hal_i2c_ex.c ****   *        only by using I2C_FASTMODEPLUS_I2C4 parameter.
 308:./Drivers/STM32H7xx_HAL_Driver/Src/stm32h7xx_hal_i2c_ex.c ****   * @retval None
 309:./Drivers/STM32H7xx_HAL_Driver/Src/stm32h7xx_hal_i2c_ex.c ****   */
 310:./Drivers/STM32H7xx_HAL_Driver/Src/stm32h7xx_hal_i2c_ex.c **** void HAL_I2CEx_DisableFastModePlus(uint32_t ConfigFastModePlus)
 311:./Drivers/STM32H7xx_HAL_Driver/Src/stm32h7xx_hal_i2c_ex.c **** {
 528              		.loc 1 311 1
 529              		.cfi_startproc
 530              		@ args = 0, pretend = 0, frame = 16
 531              		@ frame_needed = 1, uses_anonymous_args = 0
 532              		@ link register save eliminated.
 533 0000 80B4     		push	{r7}
 534              		.cfi_def_cfa_offset 4
 535              		.cfi_offset 7, -4
 536 0002 85B0     		sub	sp, sp, #20
 537              		.cfi_def_cfa_offset 24
 538 0004 00AF     		add	r7, sp, #0
 539              		.cfi_def_cfa_register 7
 540 0006 7860     		str	r0, [r7, #4]
 541              	.LBB3:
 312:./Drivers/STM32H7xx_HAL_Driver/Src/stm32h7xx_hal_i2c_ex.c ****   /* Check the parameter */
 313:./Drivers/STM32H7xx_HAL_Driver/Src/stm32h7xx_hal_i2c_ex.c ****   assert_param(IS_I2C_FASTMODEPLUS(ConfigFastModePlus));
 314:./Drivers/STM32H7xx_HAL_Driver/Src/stm32h7xx_hal_i2c_ex.c **** 
 315:./Drivers/STM32H7xx_HAL_Driver/Src/stm32h7xx_hal_i2c_ex.c ****   /* Enable SYSCFG clock */
 316:./Drivers/STM32H7xx_HAL_Driver/Src/stm32h7xx_hal_i2c_ex.c ****   __HAL_RCC_SYSCFG_CLK_ENABLE();
 542              		.loc 1 316 3
 543 0008 0D4B     		ldr	r3, .L21
 544 000a D3F8F430 		ldr	r3, [r3, #244]
 545 000e 0C4A     		ldr	r2, .L21
 546 0010 43F00203 		orr	r3, r3, #2
 547 0014 C2F8F430 		str	r3, [r2, #244]
 548 0018 094B     		ldr	r3, .L21
 549 001a D3F8F430 		ldr	r3, [r3, #244]
 550 001e 03F00203 		and	r3, r3, #2
ARM GAS  /tmp/ccLvL4wh.s 			page 16


 551 0022 FB60     		str	r3, [r7, #12]
 552 0024 FB68     		ldr	r3, [r7, #12]
 553              	.LBE3:
 317:./Drivers/STM32H7xx_HAL_Driver/Src/stm32h7xx_hal_i2c_ex.c **** 
 318:./Drivers/STM32H7xx_HAL_Driver/Src/stm32h7xx_hal_i2c_ex.c ****   /* Disable fast mode plus driving capability for selected pin */
 319:./Drivers/STM32H7xx_HAL_Driver/Src/stm32h7xx_hal_i2c_ex.c ****   CLEAR_BIT(SYSCFG->PMCR, (uint32_t)ConfigFastModePlus);
 554              		.loc 1 319 3
 555 0026 074B     		ldr	r3, .L21+4
 556 0028 5A68     		ldr	r2, [r3, #4]
 557 002a 7B68     		ldr	r3, [r7, #4]
 558 002c DB43     		mvns	r3, r3
 559 002e 0549     		ldr	r1, .L21+4
 560 0030 1340     		ands	r3, r3, r2
 561 0032 4B60     		str	r3, [r1, #4]
 320:./Drivers/STM32H7xx_HAL_Driver/Src/stm32h7xx_hal_i2c_ex.c **** }
 562              		.loc 1 320 1
 563 0034 00BF     		nop
 564 0036 1437     		adds	r7, r7, #20
 565              		.cfi_def_cfa_offset 4
 566 0038 BD46     		mov	sp, r7
 567              		.cfi_def_cfa_register 13
 568              		@ sp needed
 569 003a 5DF8047B 		ldr	r7, [sp], #4
 570              		.cfi_restore 7
 571              		.cfi_def_cfa_offset 0
 572 003e 7047     		bx	lr
 573              	.L22:
 574              		.align	2
 575              	.L21:
 576 0040 00440258 		.word	1476543488
 577 0044 00040058 		.word	1476396032
 578              		.cfi_endproc
 579              	.LFE139:
 581              		.text
 582              	.Letext0:
 583              		.file 2 "/mnt/d/GNU Tools ARM Embedded/gcc-arm-none-eabi-8-2019-q3-update/arm-none-eabi/include/ma
 584              		.file 3 "/mnt/d/GNU Tools ARM Embedded/gcc-arm-none-eabi-8-2019-q3-update/arm-none-eabi/include/sy
 585              		.file 4 "./Drivers/CMSIS/Include/core_cm7.h"
 586              		.file 5 "./Drivers/CMSIS/Device/ST/STM32H7xx/Include/system_stm32h7xx.h"
 587              		.file 6 "./Drivers/CMSIS/Device/ST/STM32H7xx/Include/stm32h743xx.h"
 588              		.file 7 "/mnt/d/GNU Tools ARM Embedded/gcc-arm-none-eabi-8-2019-q3-update/lib/gcc/arm-none-eabi/8.
 589              		.file 8 "/mnt/d/GNU Tools ARM Embedded/gcc-arm-none-eabi-8-2019-q3-update/arm-none-eabi/include/sy
 590              		.file 9 "/mnt/d/GNU Tools ARM Embedded/gcc-arm-none-eabi-8-2019-q3-update/arm-none-eabi/include/sy
 591              		.file 10 "/mnt/d/GNU Tools ARM Embedded/gcc-arm-none-eabi-8-2019-q3-update/arm-none-eabi/include/s
 592              		.file 11 "/mnt/d/GNU Tools ARM Embedded/gcc-arm-none-eabi-8-2019-q3-update/arm-none-eabi/include/m
 593              		.file 12 "./Drivers/STM32H7xx_HAL_Driver/Inc/stm32h7xx_hal_def.h"
 594              		.file 13 "./Drivers/STM32H7xx_HAL_Driver/Inc/stm32h7xx_hal_dma.h"
 595              		.file 14 "./Drivers/STM32H7xx_HAL_Driver/Inc/stm32h7xx_hal_flash.h"
 596              		.file 15 "./Drivers/STM32H7xx_HAL_Driver/Inc/stm32h7xx_hal_i2c.h"
ARM GAS  /tmp/ccLvL4wh.s 			page 17


DEFINED SYMBOLS
                            *ABS*:0000000000000000 stm32h7xx_hal_i2c_ex.c
     /tmp/ccLvL4wh.s:17     .text.HAL_I2CEx_ConfigAnalogFilter:0000000000000000 $t
     /tmp/ccLvL4wh.s:25     .text.HAL_I2CEx_ConfigAnalogFilter:0000000000000000 HAL_I2CEx_ConfigAnalogFilter
     /tmp/ccLvL4wh.s:135    .text.HAL_I2CEx_ConfigDigitalFilter:0000000000000000 $t
     /tmp/ccLvL4wh.s:142    .text.HAL_I2CEx_ConfigDigitalFilter:0000000000000000 HAL_I2CEx_ConfigDigitalFilter
     /tmp/ccLvL4wh.s:251    .text.HAL_I2CEx_EnableWakeUp:0000000000000000 $t
     /tmp/ccLvL4wh.s:258    .text.HAL_I2CEx_EnableWakeUp:0000000000000000 HAL_I2CEx_EnableWakeUp
     /tmp/ccLvL4wh.s:354    .text.HAL_I2CEx_DisableWakeUp:0000000000000000 $t
     /tmp/ccLvL4wh.s:361    .text.HAL_I2CEx_DisableWakeUp:0000000000000000 HAL_I2CEx_DisableWakeUp
     /tmp/ccLvL4wh.s:457    .text.HAL_I2CEx_EnableFastModePlus:0000000000000000 $t
     /tmp/ccLvL4wh.s:464    .text.HAL_I2CEx_EnableFastModePlus:0000000000000000 HAL_I2CEx_EnableFastModePlus
     /tmp/ccLvL4wh.s:513    .text.HAL_I2CEx_EnableFastModePlus:0000000000000040 $d
     /tmp/ccLvL4wh.s:519    .text.HAL_I2CEx_DisableFastModePlus:0000000000000000 $t
     /tmp/ccLvL4wh.s:526    .text.HAL_I2CEx_DisableFastModePlus:0000000000000000 HAL_I2CEx_DisableFastModePlus
     /tmp/ccLvL4wh.s:576    .text.HAL_I2CEx_DisableFastModePlus:0000000000000040 $d

NO UNDEFINED SYMBOLS
